<?xml version="1.0" encoding="UTF-8"?>
<!-- Generated by org.testng.reporters.JUnitXMLReporter -->
<testsuite hostname="DNID0694L01" ignored="0" name="QuotaAppTest" tests="99" failures="15" timestamp="18 May 2020 12:56:04 GMT" time="702.801" errors="0">
  <testcase name="testRegister" time="5.371" classname="com.g2academy.testcases.loginmenu.TC_Register"/>
  <testcase name="testRegister" time="5.12" classname="com.g2academy.testcases.loginmenu.TC_Register"/>
  <testcase name="testRegister" time="4.916" classname="com.g2academy.testcases.loginmenu.TC_Register"/>
  <testcase name="testRegister" time="4.095" classname="com.g2academy.testcases.loginmenu.TC_Register"/>
  <testcase name="testRegister" time="4.507" classname="com.g2academy.testcases.loginmenu.TC_Register"/>
  <testcase name="testRegister" time="4.093" classname="com.g2academy.testcases.loginmenu.TC_Register"/>
  <testcase name="testRegister" time="3.906" classname="com.g2academy.testcases.loginmenu.TC_Register"/>
  <testcase name="testRegister" time="3.892" classname="com.g2academy.testcases.loginmenu.TC_Register"/>
  <testcase name="testRegister" time="4.239" classname="com.g2academy.testcases.loginmenu.TC_Register"/>
  <testcase name="testRegister" time="3.836" classname="com.g2academy.testcases.loginmenu.TC_Register"/>
  <testcase name="testRegister" time="4.506" classname="com.g2academy.testcases.loginmenu.TC_Register"/>
  <testcase name="testRegister" time="4.323" classname="com.g2academy.testcases.loginmenu.TC_Register"/>
  <testcase name="testRegister" time="4.711" classname="com.g2academy.testcases.loginmenu.TC_Register"/>
  <testcase name="testRegister" time="4.496" classname="com.g2academy.testcases.loginmenu.TC_Register"/>
  <testcase name="testRegister" time="4.941" classname="com.g2academy.testcases.loginmenu.TC_Register"/>
  <testcase name="testRegister" time="5.011" classname="com.g2academy.testcases.loginmenu.TC_Register"/>
  <testcase name="testRegister" time="5.326" classname="com.g2academy.testcases.loginmenu.TC_Register"/>
  <testcase name="testRegister" time="4.095" classname="com.g2academy.testcases.loginmenu.TC_Register"/>
  <testcase name="testRegister" time="3.992" classname="com.g2academy.testcases.loginmenu.TC_Register"/>
  <testcase name="testRegister" time="4.301" classname="com.g2academy.testcases.loginmenu.TC_Register"/>
  <testcase name="testRegister" time="4.506" classname="com.g2academy.testcases.loginmenu.TC_Register"/>
  <testcase name="testRegister" time="4.094" classname="com.g2academy.testcases.loginmenu.TC_Register"/>
  <testcase name="testRegister" time="4.3" classname="com.g2academy.testcases.loginmenu.TC_Register"/>
  <testcase name="testRegister" time="4.71" classname="com.g2academy.testcases.loginmenu.TC_Register"/>
  <testcase name="testRegister" time="4.713" classname="com.g2academy.testcases.loginmenu.TC_Register"/>
  <testcase name="testRegister" time="5.324" classname="com.g2academy.testcases.loginmenu.TC_Register"/>
  <testcase name="testRegister" time="4.506" classname="com.g2academy.testcases.loginmenu.TC_Register"/>
  <testcase name="testRegister" time="4.506" classname="com.g2academy.testcases.loginmenu.TC_Register"/>
  <testcase name="testRegister" time="4.303" classname="com.g2academy.testcases.loginmenu.TC_Register"/>
  <testcase name="testRegister" time="5.25" classname="com.g2academy.testcases.loginmenu.TC_Register"/>
  <testcase name="testRegister" time="4.71" classname="com.g2academy.testcases.loginmenu.TC_Register"/>
  <testcase name="testRegister" time="4.337" classname="com.g2academy.testcases.loginmenu.TC_Register"/>
  <testcase name="testRegister" time="4.711" classname="com.g2academy.testcases.loginmenu.TC_Register"/>
  <testcase name="testRegister" time="3.685" classname="com.g2academy.testcases.loginmenu.TC_Register"/>
  <testcase name="testRegister" time="4.719" classname="com.g2academy.testcases.loginmenu.TC_Register"/>
  <testcase name="testRegister" time="4.3" classname="com.g2academy.testcases.loginmenu.TC_Register"/>
  <testcase name="testRegister" time="4.083" classname="com.g2academy.testcases.loginmenu.TC_Register"/>
  <testcase name="testRegister" time="4.303" classname="com.g2academy.testcases.loginmenu.TC_Register"/>
  <testcase name="testRegister" time="4.711" classname="com.g2academy.testcases.loginmenu.TC_Register"/>
  <testcase name="testRegister" time="4.71" classname="com.g2academy.testcases.loginmenu.TC_Register"/>
  <testcase name="testRegister" time="4.096" classname="com.g2academy.testcases.loginmenu.TC_Register"/>
  <testcase name="testRegister" time="4.295" classname="com.g2academy.testcases.loginmenu.TC_Register"/>
  <testcase name="testRegister" time="4.71" classname="com.g2academy.testcases.loginmenu.TC_Register"/>
  <testcase name="testRegister" time="4.096" classname="com.g2academy.testcases.loginmenu.TC_Register"/>
  <testcase name="testRegister" time="4.911" classname="com.g2academy.testcases.loginmenu.TC_Register"/>
  <testcase name="testRegister" time="3.92" classname="com.g2academy.testcases.loginmenu.TC_Register"/>
  <testcase name="testRegister" time="4.204" classname="com.g2academy.testcases.loginmenu.TC_Register"/>
  <testcase name="testRegister" time="4.73" classname="com.g2academy.testcases.loginmenu.TC_Register"/>
  <testcase name="testRegister" time="4.301" classname="com.g2academy.testcases.loginmenu.TC_Register"/>
  <testcase name="testRegister" time="4.497" classname="com.g2academy.testcases.loginmenu.TC_Register"/>
  <testcase name="testRegister" time="4.23" classname="com.g2academy.testcases.loginmenu.TC_Register"/>
  <testcase name="testRegister" time="4.3" classname="com.g2academy.testcases.loginmenu.TC_Register"/>
  <testcase name="testRegister" time="4.357" classname="com.g2academy.testcases.loginmenu.TC_Register"/>
  <testcase name="testRegister" time="4.507" classname="com.g2academy.testcases.loginmenu.TC_Register"/>
  <testcase name="testRegister" time="4.701" classname="com.g2academy.testcases.loginmenu.TC_Register"/>
  <testcase name="testRegister" time="4.506" classname="com.g2academy.testcases.loginmenu.TC_Register"/>
  <testcase name="testRegister" time="3.963" classname="com.g2academy.testcases.loginmenu.TC_Register"/>
  <testcase name="testRegister" time="4.009" classname="com.g2academy.testcases.loginmenu.TC_Register"/>
  <testcase name="testRegister" time="4.052" classname="com.g2academy.testcases.loginmenu.TC_Register"/>
  <testcase name="testRegister" time="4.713" classname="com.g2academy.testcases.loginmenu.TC_Register"/>
  <testcase name="testRegister" time="4.471" classname="com.g2academy.testcases.loginmenu.TC_Register"/>
  <testcase name="testRegister" time="3.686" classname="com.g2academy.testcases.loginmenu.TC_Register"/>
  <testcase name="testRegister" time="3.891" classname="com.g2academy.testcases.loginmenu.TC_Register"/>
  <testcase name="testRegister" time="5.734" classname="com.g2academy.testcases.loginmenu.TC_Register">
    <failure type="java.lang.AssertionError" message="expected [200] but found [500]">
      <![CDATA[java.lang.AssertionError: expected [200] but found [500]
at com.g2academy.base.Assertion.statusCode(Assertion.java:8)
at com.g2academy.testcases.loginmenu.TC_Register.testRegister(TC_Register.java:90)
at java.util.concurrent.Executors$RunnableAdapter.call(Executors.java:511)
at java.util.concurrent.FutureTask.run(FutureTask.java:266)
at java.util.concurrent.ThreadPoolExecutor.runWorker(ThreadPoolExecutor.java:1149)
at java.util.concurrent.ThreadPoolExecutor$Worker.run(ThreadPoolExecutor.java:624)
at java.lang.Thread.run(Thread.java:748)
... Removed 12 stack frames]]>
    </failure>
  </testcase> <!-- testRegister -->
  <testcase name="testRegister" time="3.199" classname="com.g2academy.testcases.loginmenu.TC_Register"/>
  <testcase name="testRegister" time="3.993" classname="com.g2academy.testcases.loginmenu.TC_Register"/>
  <testcase name="testRegister" time="3.761" classname="com.g2academy.testcases.loginmenu.TC_Register"/>
  <testcase name="testRegister" time="5.12" classname="com.g2academy.testcases.loginmenu.TC_Register"/>
  <testcase name="testRegister" time="3.892" classname="com.g2academy.testcases.loginmenu.TC_Register"/>
  <testcase name="testRegister" time="4.507" classname="com.g2academy.testcases.loginmenu.TC_Register"/>
  <testcase name="testRegister" time="4.5" classname="com.g2academy.testcases.loginmenu.TC_Register"/>
  <testcase name="testRegister" time="4.503" classname="com.g2academy.testcases.loginmenu.TC_Register"/>
  <testcase name="testRegister" time="4.096" classname="com.g2academy.testcases.loginmenu.TC_Register"/>
  <testcase name="testRegister" time="5.325" classname="com.g2academy.testcases.loginmenu.TC_Register">
    <failure type="java.lang.AssertionError" message="expected [400] but found [500]">
      <![CDATA[java.lang.AssertionError: expected [400] but found [500]
at com.g2academy.base.Assertion.statusCode(Assertion.java:8)
at com.g2academy.testcases.loginmenu.TC_Register.testRegister(TC_Register.java:90)
at java.util.concurrent.Executors$RunnableAdapter.call(Executors.java:511)
at java.util.concurrent.FutureTask.run(FutureTask.java:266)
at java.util.concurrent.ThreadPoolExecutor.runWorker(ThreadPoolExecutor.java:1149)
at java.util.concurrent.ThreadPoolExecutor$Worker.run(ThreadPoolExecutor.java:624)
at java.lang.Thread.run(Thread.java:748)
... Removed 12 stack frames]]>
    </failure>
  </testcase> <!-- testRegister -->
  <testcase name="testRegister" time="4.915" classname="com.g2academy.testcases.loginmenu.TC_Register">
    <failure type="java.lang.AssertionError" message="expected [400] but found [500]">
      <![CDATA[java.lang.AssertionError: expected [400] but found [500]
at com.g2academy.base.Assertion.statusCode(Assertion.java:8)
at com.g2academy.testcases.loginmenu.TC_Register.testRegister(TC_Register.java:90)
at java.util.concurrent.Executors$RunnableAdapter.call(Executors.java:511)
at java.util.concurrent.FutureTask.run(FutureTask.java:266)
at java.util.concurrent.ThreadPoolExecutor.runWorker(ThreadPoolExecutor.java:1149)
at java.util.concurrent.ThreadPoolExecutor$Worker.run(ThreadPoolExecutor.java:624)
at java.lang.Thread.run(Thread.java:748)
... Removed 12 stack frames]]>
    </failure>
  </testcase> <!-- testRegister -->
  <testcase name="testRegister" time="4.712" classname="com.g2academy.testcases.loginmenu.TC_Register">
    <failure type="java.lang.AssertionError" message="expected [400] but found [500]">
      <![CDATA[java.lang.AssertionError: expected [400] but found [500]
at com.g2academy.base.Assertion.statusCode(Assertion.java:8)
at com.g2academy.testcases.loginmenu.TC_Register.testRegister(TC_Register.java:90)
at java.util.concurrent.Executors$RunnableAdapter.call(Executors.java:511)
at java.util.concurrent.FutureTask.run(FutureTask.java:266)
at java.util.concurrent.ThreadPoolExecutor.runWorker(ThreadPoolExecutor.java:1149)
at java.util.concurrent.ThreadPoolExecutor$Worker.run(ThreadPoolExecutor.java:624)
at java.lang.Thread.run(Thread.java:748)
... Removed 12 stack frames]]>
    </failure>
  </testcase> <!-- testRegister -->
  <testcase name="testRegister" time="4.341" classname="com.g2academy.testcases.loginmenu.TC_Register"/>
  <testcase name="testRegister" time="4.506" classname="com.g2academy.testcases.loginmenu.TC_Register"/>
  <testcase name="testRegister" time="5.118" classname="com.g2academy.testcases.loginmenu.TC_Register"/>
  <testcase name="testRegister" time="4.097" classname="com.g2academy.testcases.loginmenu.TC_Register"/>
  <testcase name="testRegister" time="4.506" classname="com.g2academy.testcases.loginmenu.TC_Register"/>
  <testcase name="testRegister" time="4.711" classname="com.g2academy.testcases.loginmenu.TC_Register"/>
  <testcase name="testRegister" time="4.505" classname="com.g2academy.testcases.loginmenu.TC_Register"/>
  <testcase name="testRegister" time="3.442" classname="com.g2academy.testcases.loginmenu.TC_Register"/>
  <testcase name="testRegister" time="4.098" classname="com.g2academy.testcases.loginmenu.TC_Register"/>
  <testcase name="testRegister" time="4.707" classname="com.g2academy.testcases.loginmenu.TC_Register"/>
  <testcase name="testRegister" time="5.53" classname="com.g2academy.testcases.loginmenu.TC_Register"/>
  <testcase name="testRegister" time="4.044" classname="com.g2academy.testcases.loginmenu.TC_Register"/>
  <testcase name="testRegister" time="6.372" classname="com.g2academy.testcases.loginmenu.TC_Register">
    <failure type="java.lang.AssertionError" message="expected [200] but found [500]">
      <![CDATA[java.lang.AssertionError: expected [200] but found [500]
at com.g2academy.base.Assertion.statusCode(Assertion.java:8)
at com.g2academy.testcases.loginmenu.TC_Register.testRegister(TC_Register.java:90)
at java.util.concurrent.Executors$RunnableAdapter.call(Executors.java:511)
at java.util.concurrent.FutureTask.run(FutureTask.java:266)
at java.util.concurrent.ThreadPoolExecutor.runWorker(ThreadPoolExecutor.java:1149)
at java.util.concurrent.ThreadPoolExecutor$Worker.run(ThreadPoolExecutor.java:624)
at java.lang.Thread.run(Thread.java:748)
... Removed 12 stack frames]]>
    </failure>
  </testcase> <!-- testRegister -->
  <testcase name="testRegister" time="5.735" classname="com.g2academy.testcases.loginmenu.TC_Register">
    <failure type="java.lang.AssertionError" message="expected [200] but found [500]">
      <![CDATA[java.lang.AssertionError: expected [200] but found [500]
at com.g2academy.base.Assertion.statusCode(Assertion.java:8)
at com.g2academy.testcases.loginmenu.TC_Register.testRegister(TC_Register.java:90)
at java.util.concurrent.Executors$RunnableAdapter.call(Executors.java:511)
at java.util.concurrent.FutureTask.run(FutureTask.java:266)
at java.util.concurrent.ThreadPoolExecutor.runWorker(ThreadPoolExecutor.java:1149)
at java.util.concurrent.ThreadPoolExecutor$Worker.run(ThreadPoolExecutor.java:624)
at java.lang.Thread.run(Thread.java:748)
... Removed 12 stack frames]]>
    </failure>
  </testcase> <!-- testRegister -->
  <testcase name="testRegister" time="4.915" classname="com.g2academy.testcases.loginmenu.TC_Register">
    <failure type="java.lang.AssertionError" message="expected [200] but found [500]">
      <![CDATA[java.lang.AssertionError: expected [200] but found [500]
at com.g2academy.base.Assertion.statusCode(Assertion.java:8)
at com.g2academy.testcases.loginmenu.TC_Register.testRegister(TC_Register.java:90)
at java.util.concurrent.Executors$RunnableAdapter.call(Executors.java:511)
at java.util.concurrent.FutureTask.run(FutureTask.java:266)
at java.util.concurrent.ThreadPoolExecutor.runWorker(ThreadPoolExecutor.java:1149)
at java.util.concurrent.ThreadPoolExecutor$Worker.run(ThreadPoolExecutor.java:624)
at java.lang.Thread.run(Thread.java:748)
... Removed 12 stack frames]]>
    </failure>
  </testcase> <!-- testRegister -->
  <testcase name="testRegister" time="5.526" classname="com.g2academy.testcases.loginmenu.TC_Register">
    <failure type="java.lang.AssertionError" message="expected [200] but found [500]">
      <![CDATA[java.lang.AssertionError: expected [200] but found [500]
at com.g2academy.base.Assertion.statusCode(Assertion.java:8)
at com.g2academy.testcases.loginmenu.TC_Register.testRegister(TC_Register.java:90)
at java.util.concurrent.Executors$RunnableAdapter.call(Executors.java:511)
at java.util.concurrent.FutureTask.run(FutureTask.java:266)
at java.util.concurrent.ThreadPoolExecutor.runWorker(ThreadPoolExecutor.java:1149)
at java.util.concurrent.ThreadPoolExecutor$Worker.run(ThreadPoolExecutor.java:624)
at java.lang.Thread.run(Thread.java:748)
... Removed 12 stack frames]]>
    </failure>
  </testcase> <!-- testRegister -->
  <testcase name="testRegister" time="5.879" classname="com.g2academy.testcases.loginmenu.TC_Register">
    <failure type="java.lang.AssertionError" message="expected [200] but found [500]">
      <![CDATA[java.lang.AssertionError: expected [200] but found [500]
at com.g2academy.base.Assertion.statusCode(Assertion.java:8)
at com.g2academy.testcases.loginmenu.TC_Register.testRegister(TC_Register.java:90)
at java.util.concurrent.Executors$RunnableAdapter.call(Executors.java:511)
at java.util.concurrent.FutureTask.run(FutureTask.java:266)
at java.util.concurrent.ThreadPoolExecutor.runWorker(ThreadPoolExecutor.java:1149)
at java.util.concurrent.ThreadPoolExecutor$Worker.run(ThreadPoolExecutor.java:624)
at java.lang.Thread.run(Thread.java:748)
... Removed 12 stack frames]]>
    </failure>
  </testcase> <!-- testRegister -->
  <testcase name="testRegister" time="5.531" classname="com.g2academy.testcases.loginmenu.TC_Register">
    <failure type="java.lang.AssertionError" message="expected [200] but found [500]">
      <![CDATA[java.lang.AssertionError: expected [200] but found [500]
at com.g2academy.base.Assertion.statusCode(Assertion.java:8)
at com.g2academy.testcases.loginmenu.TC_Register.testRegister(TC_Register.java:90)
at java.util.concurrent.Executors$RunnableAdapter.call(Executors.java:511)
at java.util.concurrent.FutureTask.run(FutureTask.java:266)
at java.util.concurrent.ThreadPoolExecutor.runWorker(ThreadPoolExecutor.java:1149)
at java.util.concurrent.ThreadPoolExecutor$Worker.run(ThreadPoolExecutor.java:624)
at java.lang.Thread.run(Thread.java:748)
... Removed 12 stack frames]]>
    </failure>
  </testcase> <!-- testRegister -->
  <testcase name="testRegister" time="5.733" classname="com.g2academy.testcases.loginmenu.TC_Register">
    <failure type="java.lang.AssertionError" message="expected [200] but found [500]">
      <![CDATA[java.lang.AssertionError: expected [200] but found [500]
at com.g2academy.base.Assertion.statusCode(Assertion.java:8)
at com.g2academy.testcases.loginmenu.TC_Register.testRegister(TC_Register.java:90)
at java.util.concurrent.Executors$RunnableAdapter.call(Executors.java:511)
at java.util.concurrent.FutureTask.run(FutureTask.java:266)
at java.util.concurrent.ThreadPoolExecutor.runWorker(ThreadPoolExecutor.java:1149)
at java.util.concurrent.ThreadPoolExecutor$Worker.run(ThreadPoolExecutor.java:624)
at java.lang.Thread.run(Thread.java:748)
... Removed 12 stack frames]]>
    </failure>
  </testcase> <!-- testRegister -->
  <testcase name="testRegister" time="6.553" classname="com.g2academy.testcases.loginmenu.TC_Register">
    <failure type="java.lang.AssertionError" message="expected [200] but found [500]">
      <![CDATA[java.lang.AssertionError: expected [200] but found [500]
at com.g2academy.base.Assertion.statusCode(Assertion.java:8)
at com.g2academy.testcases.loginmenu.TC_Register.testRegister(TC_Register.java:90)
at java.util.concurrent.Executors$RunnableAdapter.call(Executors.java:511)
at java.util.concurrent.FutureTask.run(FutureTask.java:266)
at java.util.concurrent.ThreadPoolExecutor.runWorker(ThreadPoolExecutor.java:1149)
at java.util.concurrent.ThreadPoolExecutor$Worker.run(ThreadPoolExecutor.java:624)
at java.lang.Thread.run(Thread.java:748)
... Removed 12 stack frames]]>
    </failure>
  </testcase> <!-- testRegister -->
  <testcase name="testRegister" time="5.783" classname="com.g2academy.testcases.loginmenu.TC_Register">
    <failure type="java.lang.AssertionError" message="expected [200] but found [500]">
      <![CDATA[java.lang.AssertionError: expected [200] but found [500]
at com.g2academy.base.Assertion.statusCode(Assertion.java:8)
at com.g2academy.testcases.loginmenu.TC_Register.testRegister(TC_Register.java:90)
at java.util.concurrent.Executors$RunnableAdapter.call(Executors.java:511)
at java.util.concurrent.FutureTask.run(FutureTask.java:266)
at java.util.concurrent.ThreadPoolExecutor.runWorker(ThreadPoolExecutor.java:1149)
at java.util.concurrent.ThreadPoolExecutor$Worker.run(ThreadPoolExecutor.java:624)
at java.lang.Thread.run(Thread.java:748)
... Removed 12 stack frames]]>
    </failure>
  </testcase> <!-- testRegister -->
  <testcase name="testRegister" time="5.365" classname="com.g2academy.testcases.loginmenu.TC_Register">
    <failure type="java.lang.AssertionError" message="expected [200] but found [500]">
      <![CDATA[java.lang.AssertionError: expected [200] but found [500]
at com.g2academy.base.Assertion.statusCode(Assertion.java:8)
at com.g2academy.testcases.loginmenu.TC_Register.testRegister(TC_Register.java:90)
at java.util.concurrent.Executors$RunnableAdapter.call(Executors.java:511)
at java.util.concurrent.FutureTask.run(FutureTask.java:266)
at java.util.concurrent.ThreadPoolExecutor.runWorker(ThreadPoolExecutor.java:1149)
at java.util.concurrent.ThreadPoolExecutor$Worker.run(ThreadPoolExecutor.java:624)
at java.lang.Thread.run(Thread.java:748)
... Removed 12 stack frames]]>
    </failure>
  </testcase> <!-- testRegister -->
  <testcase name="testRegister" time="5.307" classname="com.g2academy.testcases.loginmenu.TC_Register">
    <failure type="java.lang.AssertionError" message="expected [200] but found [500]">
      <![CDATA[java.lang.AssertionError: expected [200] but found [500]
at com.g2academy.base.Assertion.statusCode(Assertion.java:8)
at com.g2academy.testcases.loginmenu.TC_Register.testRegister(TC_Register.java:90)
at java.util.concurrent.Executors$RunnableAdapter.call(Executors.java:511)
at java.util.concurrent.FutureTask.run(FutureTask.java:266)
at java.util.concurrent.ThreadPoolExecutor.runWorker(ThreadPoolExecutor.java:1149)
at java.util.concurrent.ThreadPoolExecutor$Worker.run(ThreadPoolExecutor.java:624)
at java.lang.Thread.run(Thread.java:748)
... Removed 12 stack frames]]>
    </failure>
  </testcase> <!-- testRegister -->
</testsuite> <!-- QuotaAppTest -->
