<?xml version="1.0" encoding="UTF-8"?>
<!-- Generated by org.testng.reporters.JUnitXMLReporter -->
<testsuite hostname="DNID0694L01" ignored="0" name="QuotaAppTest" tests="37" failures="0" timestamp="18 May 2020 22:33:32 GMT" time="268.479" errors="0">
  <testcase name="testChangePassword" time="2.584" classname="com.g2academy.testcases.mainmenu.profile.TC_ChangePassword"/>
  <testcase name="testChangePassword" time="3.888" classname="com.g2academy.testcases.mainmenu.profile.TC_ChangePassword"/>
  <testcase name="testChangePassword" time="2.662" classname="com.g2academy.testcases.mainmenu.profile.TC_ChangePassword"/>
  <testcase name="testChangePassword" time="8.193" classname="com.g2academy.testcases.mainmenu.profile.TC_ChangePassword"/>
  <testcase name="testChangePassword" time="3.476" classname="com.g2academy.testcases.mainmenu.profile.TC_ChangePassword"/>
  <testcase name="testChangePassword" time="3.89" classname="com.g2academy.testcases.mainmenu.profile.TC_ChangePassword"/>
  <testcase name="testChangePassword" time="3.481" classname="com.g2academy.testcases.mainmenu.profile.TC_ChangePassword"/>
  <testcase name="testChangePassword" time="3.89" classname="com.g2academy.testcases.mainmenu.profile.TC_ChangePassword"/>
  <testcase name="testChangePassword" time="3.484" classname="com.g2academy.testcases.mainmenu.profile.TC_ChangePassword"/>
  <testcase name="testChangePassword" time="2.865" classname="com.g2academy.testcases.mainmenu.profile.TC_ChangePassword"/>
  <testcase name="testChangePassword" time="7.167" classname="com.g2academy.testcases.mainmenu.profile.TC_ChangePassword"/>
  <testcase name="testChangePassword" time="6.142" classname="com.g2academy.testcases.mainmenu.profile.TC_ChangePassword"/>
  <testcase name="testChangePassword" time="8.192" classname="com.g2academy.testcases.mainmenu.profile.TC_ChangePassword"/>
  <testcase name="testChangePassword" time="8.6" classname="com.g2academy.testcases.mainmenu.profile.TC_ChangePassword"/>
  <testcase name="testChangePassword" time="5.526" classname="com.g2academy.testcases.mainmenu.profile.TC_ChangePassword"/>
  <testcase name="testChangePassword" time="5.529" classname="com.g2academy.testcases.mainmenu.profile.TC_ChangePassword"/>
  <testcase name="testChangePassword" time="5.937" classname="com.g2academy.testcases.mainmenu.profile.TC_ChangePassword"/>
  <testcase name="testChangePassword" time="9.012" classname="com.g2academy.testcases.mainmenu.profile.TC_ChangePassword"/>
  <testcase name="testChangePassword" time="5.936" classname="com.g2academy.testcases.mainmenu.profile.TC_ChangePassword"/>
  <testcase name="testChangePassword" time="10.649" classname="com.g2academy.testcases.mainmenu.profile.TC_ChangePassword"/>
  <testcase name="testChangePassword" time="6.144" classname="com.g2academy.testcases.mainmenu.profile.TC_ChangePassword"/>
  <testcase name="testChangePassword" time="8.197" classname="com.g2academy.testcases.mainmenu.profile.TC_ChangePassword"/>
  <testcase name="testChangePassword" time="7.787" classname="com.g2academy.testcases.mainmenu.profile.TC_ChangePassword"/>
  <testcase name="testChangePassword" time="7.771" classname="com.g2academy.testcases.mainmenu.profile.TC_ChangePassword"/>
  <testcase name="testChangePassword" time="7.986" classname="com.g2academy.testcases.mainmenu.profile.TC_ChangePassword"/>
  <testcase name="testChangePassword" time="8.396" classname="com.g2academy.testcases.mainmenu.profile.TC_ChangePassword"/>
  <testcase name="testChangePassword" time="7.987" classname="com.g2academy.testcases.mainmenu.profile.TC_ChangePassword"/>
  <testcase name="testChangePassword" time="8.192" classname="com.g2academy.testcases.mainmenu.profile.TC_ChangePassword"/>
  <testcase name="testChangePassword" time="8.191" classname="com.g2academy.testcases.mainmenu.profile.TC_ChangePassword"/>
  <testcase name="testChangePassword" time="7.986" classname="com.g2academy.testcases.mainmenu.profile.TC_ChangePassword"/>
  <testcase name="testChangePassword" time="8.0" classname="com.g2academy.testcases.mainmenu.profile.TC_ChangePassword"/>
  <testcase name="testChangePassword" time="7.974" classname="com.g2academy.testcases.mainmenu.profile.TC_ChangePassword"/>
  <testcase name="testChangePassword" time="7.166" classname="com.g2academy.testcases.mainmenu.profile.TC_ChangePassword"/>
  <testcase name="testChangePassword" time="7.78" classname="com.g2academy.testcases.mainmenu.profile.TC_ChangePassword"/>
  <testcase name="testChangePassword" time="7.272" classname="com.g2academy.testcases.mainmenu.profile.TC_ChangePassword"/>
  <testcase name="testChangePassword" time="7.605" classname="com.g2academy.testcases.mainmenu.profile.TC_ChangePassword"/>
  <testcase name="testChangePassword" time="7.65" classname="com.g2academy.testcases.mainmenu.profile.TC_ChangePassword"/>
</testsuite> <!-- QuotaAppTest -->
