<?xml version="1.0" encoding="UTF-8"?>
<testng-results skipped="0" failed="15" ignored="0" total="99" passed="84">
  <reporter-output>
  </reporter-output>
  <suite name="Default Suite" duration-ms="702801" started-at="2020-05-18T12:44:21Z" finished-at="2020-05-18T12:56:04Z">
    <groups>
    </groups>
    <test name="QuotaAppTest" duration-ms="702801" started-at="2020-05-18T12:44:21Z" finished-at="2020-05-18T12:56:04Z">
      <class name="com.g2academy.testcases.loginmenu.TC_Register">
        <test-method status="PASS" signature="setup()[pri:0, instance:com.g2academy.testcases.loginmenu.TC_Register@22f71333]" name="setup" is-config="true" duration-ms="524" started-at="2020-05-18T12:44:21Z" finished-at="2020-05-18T12:44:22Z">
          <reporter-output>
          </reporter-output>
        </test-method> <!-- setup -->
        <test-method status="PASS" signature="beforeClass()[pri:0, instance:com.g2academy.testcases.loginmenu.TC_Register@22f71333]" name="beforeClass" is-config="true" duration-ms="3914" started-at="2020-05-18T12:44:22Z" finished-at="2020-05-18T12:44:26Z">
          <reporter-output>
          </reporter-output>
        </test-method> <!-- beforeClass -->
        <test-method status="PASS" signature="testRegister(java.lang.String, java.lang.String, java.lang.String, java.lang.String, java.lang.String, java.lang.String, java.lang.String, java.lang.String, java.lang.String, java.lang.String, java.lang.String, java.lang.String, java.lang.String, java.lang.String, java.lang.String)[pri:0, instance:com.g2academy.testcases.loginmenu.TC_Register@22f71333]" name="testRegister" duration-ms="5371" started-at="2020-05-18T12:44:44Z" data-provider="dataRegister" finished-at="2020-05-18T12:44:49Z">
          <params>
            <param index="0">
              <value>
                <![CDATA[negative case - invalid pin transaction, full name, email, phone number, password, confirm password]]>
              </value>
            </param>
            <param index="1">
              <value>
                <![CDATA[bukan numeric]]>
              </value>
            </param>
            <param index="2">
              <value>
                <![CDATA[12345678]]>
              </value>
            </param>
            <param index="3">
              <value>
                <![CDATA[testregister.gmail.com]]>
              </value>
            </param>
            <param index="4">
              <value>
                <![CDATA[not a number]]>
              </value>
            </param>
            <param index="5">
              <value>
                <![CDATA[PasswordSalah]]>
              </value>
            </param>
            <param index="6">
              <value>
                <![CDATA[ConfirmPasswordSalah]]>
              </value>
            </param>
            <param index="7">
              <value>
                <![CDATA[400]]>
              </value>
            </param>
            <param index="8">
              <value>
                <![CDATA[JSON parse error]]>
              </value>
            </param>
            <param index="9">
              <value>
                <![CDATA[-]]>
              </value>
            </param>
            <param index="10">
              <value>
                <![CDATA[-]]>
              </value>
            </param>
            <param index="11">
              <value>
                <![CDATA[-]]>
              </value>
            </param>
            <param index="12">
              <value>
                <![CDATA[-]]>
              </value>
            </param>
            <param index="13">
              <value>
                <![CDATA[-]]>
              </value>
            </param>
            <param index="14">
              <value>
                <![CDATA[-]]>
              </value>
            </param>
          </params>
          <reporter-output>
          </reporter-output>
        </test-method> <!-- testRegister -->
        <test-method status="PASS" signature="afterMethod()[pri:0, instance:com.g2academy.testcases.loginmenu.TC_Register@22f71333]" name="afterMethod" is-config="true" duration-ms="2250" started-at="2020-05-18T12:44:49Z" finished-at="2020-05-18T12:44:51Z">
          <reporter-output>
          </reporter-output>
        </test-method> <!-- afterMethod -->
        <test-method status="PASS" signature="testRegister(java.lang.String, java.lang.String, java.lang.String, java.lang.String, java.lang.String, java.lang.String, java.lang.String, java.lang.String, java.lang.String, java.lang.String, java.lang.String, java.lang.String, java.lang.String, java.lang.String, java.lang.String)[pri:0, instance:com.g2academy.testcases.loginmenu.TC_Register@22f71333]" name="testRegister" duration-ms="5120" started-at="2020-05-18T12:44:51Z" data-provider="dataRegister" finished-at="2020-05-18T12:44:56Z">
          <params>
            <param index="0">
              <value>
                <![CDATA[negative case - invalid pin transaction, full name, email, phone number, password]]>
              </value>
            </param>
            <param index="1">
              <value>
                <![CDATA[bukan numeric]]>
              </value>
            </param>
            <param index="2">
              <value>
                <![CDATA[12345678]]>
              </value>
            </param>
            <param index="3">
              <value>
                <![CDATA[testregister.gmail.com]]>
              </value>
            </param>
            <param index="4">
              <value>
                <![CDATA[not a number]]>
              </value>
            </param>
            <param index="5">
              <value>
                <![CDATA[PasswordSalah]]>
              </value>
            </param>
            <param index="6">
              <value>
                <![CDATA[Zanuar30@@]]>
              </value>
            </param>
            <param index="7">
              <value>
                <![CDATA[400]]>
              </value>
            </param>
            <param index="8">
              <value>
                <![CDATA[JSON parse error]]>
              </value>
            </param>
            <param index="9">
              <value>
                <![CDATA[-]]>
              </value>
            </param>
            <param index="10">
              <value>
                <![CDATA[-]]>
              </value>
            </param>
            <param index="11">
              <value>
                <![CDATA[-]]>
              </value>
            </param>
            <param index="12">
              <value>
                <![CDATA[-]]>
              </value>
            </param>
            <param index="13">
              <value>
                <![CDATA[-]]>
              </value>
            </param>
            <param index="14">
              <value>
                <![CDATA[-]]>
              </value>
            </param>
          </params>
          <reporter-output>
          </reporter-output>
        </test-method> <!-- testRegister -->
        <test-method status="PASS" signature="afterMethod()[pri:0, instance:com.g2academy.testcases.loginmenu.TC_Register@22f71333]" name="afterMethod" is-config="true" duration-ms="2046" started-at="2020-05-18T12:44:56Z" finished-at="2020-05-18T12:44:58Z">
          <reporter-output>
          </reporter-output>
        </test-method> <!-- afterMethod -->
        <test-method status="PASS" signature="testRegister(java.lang.String, java.lang.String, java.lang.String, java.lang.String, java.lang.String, java.lang.String, java.lang.String, java.lang.String, java.lang.String, java.lang.String, java.lang.String, java.lang.String, java.lang.String, java.lang.String, java.lang.String)[pri:0, instance:com.g2academy.testcases.loginmenu.TC_Register@22f71333]" name="testRegister" duration-ms="4916" started-at="2020-05-18T12:44:58Z" data-provider="dataRegister" finished-at="2020-05-18T12:45:03Z">
          <params>
            <param index="0">
              <value>
                <![CDATA[negative case - invalid pin transaction,  full name, email, phone number, confirm password]]>
              </value>
            </param>
            <param index="1">
              <value>
                <![CDATA[bukan numeric]]>
              </value>
            </param>
            <param index="2">
              <value>
                <![CDATA[12345678]]>
              </value>
            </param>
            <param index="3">
              <value>
                <![CDATA[testregister.gmail.com]]>
              </value>
            </param>
            <param index="4">
              <value>
                <![CDATA[not a number]]>
              </value>
            </param>
            <param index="5">
              <value>
                <![CDATA[Zanuar30@@]]>
              </value>
            </param>
            <param index="6">
              <value>
                <![CDATA[ConfirmPasswordSalah]]>
              </value>
            </param>
            <param index="7">
              <value>
                <![CDATA[400]]>
              </value>
            </param>
            <param index="8">
              <value>
                <![CDATA[JSON parse error]]>
              </value>
            </param>
            <param index="9">
              <value>
                <![CDATA[-]]>
              </value>
            </param>
            <param index="10">
              <value>
                <![CDATA[-]]>
              </value>
            </param>
            <param index="11">
              <value>
                <![CDATA[-]]>
              </value>
            </param>
            <param index="12">
              <value>
                <![CDATA[-]]>
              </value>
            </param>
            <param index="13">
              <value>
                <![CDATA[-]]>
              </value>
            </param>
            <param index="14">
              <value>
                <![CDATA[-]]>
              </value>
            </param>
          </params>
          <reporter-output>
          </reporter-output>
        </test-method> <!-- testRegister -->
        <test-method status="PASS" signature="afterMethod()[pri:0, instance:com.g2academy.testcases.loginmenu.TC_Register@22f71333]" name="afterMethod" is-config="true" duration-ms="2250" started-at="2020-05-18T12:45:03Z" finished-at="2020-05-18T12:45:06Z">
          <reporter-output>
          </reporter-output>
        </test-method> <!-- afterMethod -->
        <test-method status="PASS" signature="testRegister(java.lang.String, java.lang.String, java.lang.String, java.lang.String, java.lang.String, java.lang.String, java.lang.String, java.lang.String, java.lang.String, java.lang.String, java.lang.String, java.lang.String, java.lang.String, java.lang.String, java.lang.String)[pri:0, instance:com.g2academy.testcases.loginmenu.TC_Register@22f71333]" name="testRegister" duration-ms="4095" started-at="2020-05-18T12:45:06Z" data-provider="dataRegister" finished-at="2020-05-18T12:45:10Z">
          <params>
            <param index="0">
              <value>
                <![CDATA[negative case - invalid pin transaction, full name, email, phone number]]>
              </value>
            </param>
            <param index="1">
              <value>
                <![CDATA[bukan numeric]]>
              </value>
            </param>
            <param index="2">
              <value>
                <![CDATA[12345678]]>
              </value>
            </param>
            <param index="3">
              <value>
                <![CDATA[testregister.gmail.com]]>
              </value>
            </param>
            <param index="4">
              <value>
                <![CDATA[not a number]]>
              </value>
            </param>
            <param index="5">
              <value>
                <![CDATA[Zanuar30@@]]>
              </value>
            </param>
            <param index="6">
              <value>
                <![CDATA[Zanuar30@@]]>
              </value>
            </param>
            <param index="7">
              <value>
                <![CDATA[400]]>
              </value>
            </param>
            <param index="8">
              <value>
                <![CDATA[JSON parse error]]>
              </value>
            </param>
            <param index="9">
              <value>
                <![CDATA[-]]>
              </value>
            </param>
            <param index="10">
              <value>
                <![CDATA[-]]>
              </value>
            </param>
            <param index="11">
              <value>
                <![CDATA[-]]>
              </value>
            </param>
            <param index="12">
              <value>
                <![CDATA[-]]>
              </value>
            </param>
            <param index="13">
              <value>
                <![CDATA[-]]>
              </value>
            </param>
            <param index="14">
              <value>
                <![CDATA[-]]>
              </value>
            </param>
          </params>
          <reporter-output>
          </reporter-output>
        </test-method> <!-- testRegister -->
        <test-method status="PASS" signature="afterMethod()[pri:0, instance:com.g2academy.testcases.loginmenu.TC_Register@22f71333]" name="afterMethod" is-config="true" duration-ms="2662" started-at="2020-05-18T12:45:10Z" finished-at="2020-05-18T12:45:12Z">
          <reporter-output>
          </reporter-output>
        </test-method> <!-- afterMethod -->
        <test-method status="PASS" signature="testRegister(java.lang.String, java.lang.String, java.lang.String, java.lang.String, java.lang.String, java.lang.String, java.lang.String, java.lang.String, java.lang.String, java.lang.String, java.lang.String, java.lang.String, java.lang.String, java.lang.String, java.lang.String)[pri:0, instance:com.g2academy.testcases.loginmenu.TC_Register@22f71333]" name="testRegister" duration-ms="4507" started-at="2020-05-18T12:45:12Z" data-provider="dataRegister" finished-at="2020-05-18T12:45:17Z">
          <params>
            <param index="0">
              <value>
                <![CDATA[negative case - invalid pin transaction, full name, email, password, confirm password]]>
              </value>
            </param>
            <param index="1">
              <value>
                <![CDATA[bukan numeric]]>
              </value>
            </param>
            <param index="2">
              <value>
                <![CDATA[12345678]]>
              </value>
            </param>
            <param index="3">
              <value>
                <![CDATA[testregister.gmail.com]]>
              </value>
            </param>
            <param index="4">
              <value>
                <![CDATA[+6281252930398]]>
              </value>
            </param>
            <param index="5">
              <value>
                <![CDATA[PasswordSalah]]>
              </value>
            </param>
            <param index="6">
              <value>
                <![CDATA[ConfirmPasswordSalah]]>
              </value>
            </param>
            <param index="7">
              <value>
                <![CDATA[400]]>
              </value>
            </param>
            <param index="8">
              <value>
                <![CDATA[JSON parse error]]>
              </value>
            </param>
            <param index="9">
              <value>
                <![CDATA[-]]>
              </value>
            </param>
            <param index="10">
              <value>
                <![CDATA[-]]>
              </value>
            </param>
            <param index="11">
              <value>
                <![CDATA[-]]>
              </value>
            </param>
            <param index="12">
              <value>
                <![CDATA[-]]>
              </value>
            </param>
            <param index="13">
              <value>
                <![CDATA[-]]>
              </value>
            </param>
            <param index="14">
              <value>
                <![CDATA[-]]>
              </value>
            </param>
          </params>
          <reporter-output>
          </reporter-output>
        </test-method> <!-- testRegister -->
        <test-method status="PASS" signature="afterMethod()[pri:0, instance:com.g2academy.testcases.loginmenu.TC_Register@22f71333]" name="afterMethod" is-config="true" duration-ms="2050" started-at="2020-05-18T12:45:17Z" finished-at="2020-05-18T12:45:19Z">
          <reporter-output>
          </reporter-output>
        </test-method> <!-- afterMethod -->
        <test-method status="PASS" signature="testRegister(java.lang.String, java.lang.String, java.lang.String, java.lang.String, java.lang.String, java.lang.String, java.lang.String, java.lang.String, java.lang.String, java.lang.String, java.lang.String, java.lang.String, java.lang.String, java.lang.String, java.lang.String)[pri:0, instance:com.g2academy.testcases.loginmenu.TC_Register@22f71333]" name="testRegister" duration-ms="4093" started-at="2020-05-18T12:45:19Z" data-provider="dataRegister" finished-at="2020-05-18T12:45:23Z">
          <params>
            <param index="0">
              <value>
                <![CDATA[negative case - invalid pin transaction, full name, email, password]]>
              </value>
            </param>
            <param index="1">
              <value>
                <![CDATA[bukan numeric]]>
              </value>
            </param>
            <param index="2">
              <value>
                <![CDATA[12345678]]>
              </value>
            </param>
            <param index="3">
              <value>
                <![CDATA[testregister.gmail.com]]>
              </value>
            </param>
            <param index="4">
              <value>
                <![CDATA[+6281252930398]]>
              </value>
            </param>
            <param index="5">
              <value>
                <![CDATA[PasswordSalah]]>
              </value>
            </param>
            <param index="6">
              <value>
                <![CDATA[Zanuar30@@]]>
              </value>
            </param>
            <param index="7">
              <value>
                <![CDATA[400]]>
              </value>
            </param>
            <param index="8">
              <value>
                <![CDATA[JSON parse error]]>
              </value>
            </param>
            <param index="9">
              <value>
                <![CDATA[-]]>
              </value>
            </param>
            <param index="10">
              <value>
                <![CDATA[-]]>
              </value>
            </param>
            <param index="11">
              <value>
                <![CDATA[-]]>
              </value>
            </param>
            <param index="12">
              <value>
                <![CDATA[-]]>
              </value>
            </param>
            <param index="13">
              <value>
                <![CDATA[-]]>
              </value>
            </param>
            <param index="14">
              <value>
                <![CDATA[-]]>
              </value>
            </param>
          </params>
          <reporter-output>
          </reporter-output>
        </test-method> <!-- testRegister -->
        <test-method status="PASS" signature="afterMethod()[pri:0, instance:com.g2academy.testcases.loginmenu.TC_Register@22f71333]" name="afterMethod" is-config="true" duration-ms="2049" started-at="2020-05-18T12:45:23Z" finished-at="2020-05-18T12:45:25Z">
          <reporter-output>
          </reporter-output>
        </test-method> <!-- afterMethod -->
        <test-method status="PASS" signature="testRegister(java.lang.String, java.lang.String, java.lang.String, java.lang.String, java.lang.String, java.lang.String, java.lang.String, java.lang.String, java.lang.String, java.lang.String, java.lang.String, java.lang.String, java.lang.String, java.lang.String, java.lang.String)[pri:0, instance:com.g2academy.testcases.loginmenu.TC_Register@22f71333]" name="testRegister" duration-ms="3906" started-at="2020-05-18T12:45:25Z" data-provider="dataRegister" finished-at="2020-05-18T12:45:29Z">
          <params>
            <param index="0">
              <value>
                <![CDATA[negative case - invalid pin transaction, full name, email, confirm password]]>
              </value>
            </param>
            <param index="1">
              <value>
                <![CDATA[bukan numeric]]>
              </value>
            </param>
            <param index="2">
              <value>
                <![CDATA[12345678]]>
              </value>
            </param>
            <param index="3">
              <value>
                <![CDATA[testregister.gmail.com]]>
              </value>
            </param>
            <param index="4">
              <value>
                <![CDATA[+6281252930398]]>
              </value>
            </param>
            <param index="5">
              <value>
                <![CDATA[Zanuar30@@]]>
              </value>
            </param>
            <param index="6">
              <value>
                <![CDATA[ConfirmPasswordSalah]]>
              </value>
            </param>
            <param index="7">
              <value>
                <![CDATA[400]]>
              </value>
            </param>
            <param index="8">
              <value>
                <![CDATA[JSON parse error]]>
              </value>
            </param>
            <param index="9">
              <value>
                <![CDATA[-]]>
              </value>
            </param>
            <param index="10">
              <value>
                <![CDATA[-]]>
              </value>
            </param>
            <param index="11">
              <value>
                <![CDATA[-]]>
              </value>
            </param>
            <param index="12">
              <value>
                <![CDATA[-]]>
              </value>
            </param>
            <param index="13">
              <value>
                <![CDATA[-]]>
              </value>
            </param>
            <param index="14">
              <value>
                <![CDATA[-]]>
              </value>
            </param>
          </params>
          <reporter-output>
          </reporter-output>
        </test-method> <!-- testRegister -->
        <test-method status="PASS" signature="afterMethod()[pri:0, instance:com.g2academy.testcases.loginmenu.TC_Register@22f71333]" name="afterMethod" is-config="true" duration-ms="2233" started-at="2020-05-18T12:45:29Z" finished-at="2020-05-18T12:45:31Z">
          <reporter-output>
          </reporter-output>
        </test-method> <!-- afterMethod -->
        <test-method status="PASS" signature="testRegister(java.lang.String, java.lang.String, java.lang.String, java.lang.String, java.lang.String, java.lang.String, java.lang.String, java.lang.String, java.lang.String, java.lang.String, java.lang.String, java.lang.String, java.lang.String, java.lang.String, java.lang.String)[pri:0, instance:com.g2academy.testcases.loginmenu.TC_Register@22f71333]" name="testRegister" duration-ms="3892" started-at="2020-05-18T12:45:31Z" data-provider="dataRegister" finished-at="2020-05-18T12:45:35Z">
          <params>
            <param index="0">
              <value>
                <![CDATA[negative case - invalid pin transaction, full name, email]]>
              </value>
            </param>
            <param index="1">
              <value>
                <![CDATA[bukan numeric]]>
              </value>
            </param>
            <param index="2">
              <value>
                <![CDATA[12345678]]>
              </value>
            </param>
            <param index="3">
              <value>
                <![CDATA[testregister.gmail.com]]>
              </value>
            </param>
            <param index="4">
              <value>
                <![CDATA[+6281252930398]]>
              </value>
            </param>
            <param index="5">
              <value>
                <![CDATA[Zanuar30@@]]>
              </value>
            </param>
            <param index="6">
              <value>
                <![CDATA[Zanuar30@@]]>
              </value>
            </param>
            <param index="7">
              <value>
                <![CDATA[400]]>
              </value>
            </param>
            <param index="8">
              <value>
                <![CDATA[JSON parse error]]>
              </value>
            </param>
            <param index="9">
              <value>
                <![CDATA[-]]>
              </value>
            </param>
            <param index="10">
              <value>
                <![CDATA[-]]>
              </value>
            </param>
            <param index="11">
              <value>
                <![CDATA[-]]>
              </value>
            </param>
            <param index="12">
              <value>
                <![CDATA[-]]>
              </value>
            </param>
            <param index="13">
              <value>
                <![CDATA[-]]>
              </value>
            </param>
            <param index="14">
              <value>
                <![CDATA[-]]>
              </value>
            </param>
          </params>
          <reporter-output>
          </reporter-output>
        </test-method> <!-- testRegister -->
        <test-method status="PASS" signature="afterMethod()[pri:0, instance:com.g2academy.testcases.loginmenu.TC_Register@22f71333]" name="afterMethod" is-config="true" duration-ms="2622" started-at="2020-05-18T12:45:35Z" finished-at="2020-05-18T12:45:38Z">
          <reporter-output>
          </reporter-output>
        </test-method> <!-- afterMethod -->
        <test-method status="PASS" signature="testRegister(java.lang.String, java.lang.String, java.lang.String, java.lang.String, java.lang.String, java.lang.String, java.lang.String, java.lang.String, java.lang.String, java.lang.String, java.lang.String, java.lang.String, java.lang.String, java.lang.String, java.lang.String)[pri:0, instance:com.g2academy.testcases.loginmenu.TC_Register@22f71333]" name="testRegister" duration-ms="4239" started-at="2020-05-18T12:45:38Z" data-provider="dataRegister" finished-at="2020-05-18T12:45:42Z">
          <params>
            <param index="0">
              <value>
                <![CDATA[negative case - invalid pin transaction, full name, phone number, password, confirm password]]>
              </value>
            </param>
            <param index="1">
              <value>
                <![CDATA[bukan numeric]]>
              </value>
            </param>
            <param index="2">
              <value>
                <![CDATA[12345678]]>
              </value>
            </param>
            <param index="3">
              <value>
                <![CDATA[testregister@gmail.com]]>
              </value>
            </param>
            <param index="4">
              <value>
                <![CDATA[not a number]]>
              </value>
            </param>
            <param index="5">
              <value>
                <![CDATA[PasswordSalah]]>
              </value>
            </param>
            <param index="6">
              <value>
                <![CDATA[ConfirmPasswordSalah]]>
              </value>
            </param>
            <param index="7">
              <value>
                <![CDATA[400]]>
              </value>
            </param>
            <param index="8">
              <value>
                <![CDATA[JSON parse error]]>
              </value>
            </param>
            <param index="9">
              <value>
                <![CDATA[-]]>
              </value>
            </param>
            <param index="10">
              <value>
                <![CDATA[-]]>
              </value>
            </param>
            <param index="11">
              <value>
                <![CDATA[-]]>
              </value>
            </param>
            <param index="12">
              <value>
                <![CDATA[-]]>
              </value>
            </param>
            <param index="13">
              <value>
                <![CDATA[-]]>
              </value>
            </param>
            <param index="14">
              <value>
                <![CDATA[-]]>
              </value>
            </param>
          </params>
          <reporter-output>
          </reporter-output>
        </test-method> <!-- testRegister -->
        <test-method status="PASS" signature="afterMethod()[pri:0, instance:com.g2academy.testcases.loginmenu.TC_Register@22f71333]" name="afterMethod" is-config="true" duration-ms="2308" started-at="2020-05-18T12:45:42Z" finished-at="2020-05-18T12:45:44Z">
          <reporter-output>
          </reporter-output>
        </test-method> <!-- afterMethod -->
        <test-method status="PASS" signature="testRegister(java.lang.String, java.lang.String, java.lang.String, java.lang.String, java.lang.String, java.lang.String, java.lang.String, java.lang.String, java.lang.String, java.lang.String, java.lang.String, java.lang.String, java.lang.String, java.lang.String, java.lang.String)[pri:0, instance:com.g2academy.testcases.loginmenu.TC_Register@22f71333]" name="testRegister" duration-ms="3836" started-at="2020-05-18T12:45:44Z" data-provider="dataRegister" finished-at="2020-05-18T12:45:48Z">
          <params>
            <param index="0">
              <value>
                <![CDATA[negative case - invalid pin transaction, full name, phone number, password]]>
              </value>
            </param>
            <param index="1">
              <value>
                <![CDATA[bukan numeric]]>
              </value>
            </param>
            <param index="2">
              <value>
                <![CDATA[12345678]]>
              </value>
            </param>
            <param index="3">
              <value>
                <![CDATA[testregister@gmail.com]]>
              </value>
            </param>
            <param index="4">
              <value>
                <![CDATA[not a number]]>
              </value>
            </param>
            <param index="5">
              <value>
                <![CDATA[PasswordSalah]]>
              </value>
            </param>
            <param index="6">
              <value>
                <![CDATA[Zanuar30@@]]>
              </value>
            </param>
            <param index="7">
              <value>
                <![CDATA[400]]>
              </value>
            </param>
            <param index="8">
              <value>
                <![CDATA[JSON parse error]]>
              </value>
            </param>
            <param index="9">
              <value>
                <![CDATA[-]]>
              </value>
            </param>
            <param index="10">
              <value>
                <![CDATA[-]]>
              </value>
            </param>
            <param index="11">
              <value>
                <![CDATA[-]]>
              </value>
            </param>
            <param index="12">
              <value>
                <![CDATA[-]]>
              </value>
            </param>
            <param index="13">
              <value>
                <![CDATA[-]]>
              </value>
            </param>
            <param index="14">
              <value>
                <![CDATA[-]]>
              </value>
            </param>
          </params>
          <reporter-output>
          </reporter-output>
        </test-method> <!-- testRegister -->
        <test-method status="PASS" signature="afterMethod()[pri:0, instance:com.g2academy.testcases.loginmenu.TC_Register@22f71333]" name="afterMethod" is-config="true" duration-ms="2559" started-at="2020-05-18T12:45:48Z" finished-at="2020-05-18T12:45:51Z">
          <reporter-output>
          </reporter-output>
        </test-method> <!-- afterMethod -->
        <test-method status="PASS" signature="testRegister(java.lang.String, java.lang.String, java.lang.String, java.lang.String, java.lang.String, java.lang.String, java.lang.String, java.lang.String, java.lang.String, java.lang.String, java.lang.String, java.lang.String, java.lang.String, java.lang.String, java.lang.String)[pri:0, instance:com.g2academy.testcases.loginmenu.TC_Register@22f71333]" name="testRegister" duration-ms="4506" started-at="2020-05-18T12:45:51Z" data-provider="dataRegister" finished-at="2020-05-18T12:45:55Z">
          <params>
            <param index="0">
              <value>
                <![CDATA[negative case - invalid pin transaction, full name, phone number , confirm password]]>
              </value>
            </param>
            <param index="1">
              <value>
                <![CDATA[bukan numeric]]>
              </value>
            </param>
            <param index="2">
              <value>
                <![CDATA[12345678]]>
              </value>
            </param>
            <param index="3">
              <value>
                <![CDATA[testregister@gmail.com]]>
              </value>
            </param>
            <param index="4">
              <value>
                <![CDATA[not a number]]>
              </value>
            </param>
            <param index="5">
              <value>
                <![CDATA[Zanuar30@@]]>
              </value>
            </param>
            <param index="6">
              <value>
                <![CDATA[ConfirmPasswordSalah]]>
              </value>
            </param>
            <param index="7">
              <value>
                <![CDATA[400]]>
              </value>
            </param>
            <param index="8">
              <value>
                <![CDATA[JSON parse error]]>
              </value>
            </param>
            <param index="9">
              <value>
                <![CDATA[-]]>
              </value>
            </param>
            <param index="10">
              <value>
                <![CDATA[-]]>
              </value>
            </param>
            <param index="11">
              <value>
                <![CDATA[-]]>
              </value>
            </param>
            <param index="12">
              <value>
                <![CDATA[-]]>
              </value>
            </param>
            <param index="13">
              <value>
                <![CDATA[-]]>
              </value>
            </param>
            <param index="14">
              <value>
                <![CDATA[-]]>
              </value>
            </param>
          </params>
          <reporter-output>
          </reporter-output>
        </test-method> <!-- testRegister -->
        <test-method status="PASS" signature="afterMethod()[pri:0, instance:com.g2academy.testcases.loginmenu.TC_Register@22f71333]" name="afterMethod" is-config="true" duration-ms="2251" started-at="2020-05-18T12:45:55Z" finished-at="2020-05-18T12:45:57Z">
          <reporter-output>
          </reporter-output>
        </test-method> <!-- afterMethod -->
        <test-method status="PASS" signature="testRegister(java.lang.String, java.lang.String, java.lang.String, java.lang.String, java.lang.String, java.lang.String, java.lang.String, java.lang.String, java.lang.String, java.lang.String, java.lang.String, java.lang.String, java.lang.String, java.lang.String, java.lang.String)[pri:0, instance:com.g2academy.testcases.loginmenu.TC_Register@22f71333]" name="testRegister" duration-ms="4323" started-at="2020-05-18T12:45:57Z" data-provider="dataRegister" finished-at="2020-05-18T12:46:02Z">
          <params>
            <param index="0">
              <value>
                <![CDATA[negative case - invalid pin transaction, full name, phone number]]>
              </value>
            </param>
            <param index="1">
              <value>
                <![CDATA[bukan numeric]]>
              </value>
            </param>
            <param index="2">
              <value>
                <![CDATA[12345678]]>
              </value>
            </param>
            <param index="3">
              <value>
                <![CDATA[testregister@gmail.com]]>
              </value>
            </param>
            <param index="4">
              <value>
                <![CDATA[not a number]]>
              </value>
            </param>
            <param index="5">
              <value>
                <![CDATA[Zanuar30@@]]>
              </value>
            </param>
            <param index="6">
              <value>
                <![CDATA[Zanuar30@@]]>
              </value>
            </param>
            <param index="7">
              <value>
                <![CDATA[400]]>
              </value>
            </param>
            <param index="8">
              <value>
                <![CDATA[JSON parse error]]>
              </value>
            </param>
            <param index="9">
              <value>
                <![CDATA[-]]>
              </value>
            </param>
            <param index="10">
              <value>
                <![CDATA[-]]>
              </value>
            </param>
            <param index="11">
              <value>
                <![CDATA[-]]>
              </value>
            </param>
            <param index="12">
              <value>
                <![CDATA[-]]>
              </value>
            </param>
            <param index="13">
              <value>
                <![CDATA[-]]>
              </value>
            </param>
            <param index="14">
              <value>
                <![CDATA[-]]>
              </value>
            </param>
          </params>
          <reporter-output>
          </reporter-output>
        </test-method> <!-- testRegister -->
        <test-method status="PASS" signature="afterMethod()[pri:0, instance:com.g2academy.testcases.loginmenu.TC_Register@22f71333]" name="afterMethod" is-config="true" duration-ms="2436" started-at="2020-05-18T12:46:02Z" finished-at="2020-05-18T12:46:04Z">
          <reporter-output>
          </reporter-output>
        </test-method> <!-- afterMethod -->
        <test-method status="PASS" signature="testRegister(java.lang.String, java.lang.String, java.lang.String, java.lang.String, java.lang.String, java.lang.String, java.lang.String, java.lang.String, java.lang.String, java.lang.String, java.lang.String, java.lang.String, java.lang.String, java.lang.String, java.lang.String)[pri:0, instance:com.g2academy.testcases.loginmenu.TC_Register@22f71333]" name="testRegister" duration-ms="4711" started-at="2020-05-18T12:46:04Z" data-provider="dataRegister" finished-at="2020-05-18T12:46:09Z">
          <params>
            <param index="0">
              <value>
                <![CDATA[negative case - invalid pin transaction, full name, password, confirm password]]>
              </value>
            </param>
            <param index="1">
              <value>
                <![CDATA[bukan numeric]]>
              </value>
            </param>
            <param index="2">
              <value>
                <![CDATA[12345678]]>
              </value>
            </param>
            <param index="3">
              <value>
                <![CDATA[testregister@gmail.com]]>
              </value>
            </param>
            <param index="4">
              <value>
                <![CDATA[+6281252930398]]>
              </value>
            </param>
            <param index="5">
              <value>
                <![CDATA[PasswordSalah]]>
              </value>
            </param>
            <param index="6">
              <value>
                <![CDATA[ConfirmPasswordSalah]]>
              </value>
            </param>
            <param index="7">
              <value>
                <![CDATA[400]]>
              </value>
            </param>
            <param index="8">
              <value>
                <![CDATA[JSON parse error]]>
              </value>
            </param>
            <param index="9">
              <value>
                <![CDATA[-]]>
              </value>
            </param>
            <param index="10">
              <value>
                <![CDATA[-]]>
              </value>
            </param>
            <param index="11">
              <value>
                <![CDATA[-]]>
              </value>
            </param>
            <param index="12">
              <value>
                <![CDATA[-]]>
              </value>
            </param>
            <param index="13">
              <value>
                <![CDATA[-]]>
              </value>
            </param>
            <param index="14">
              <value>
                <![CDATA[-]]>
              </value>
            </param>
          </params>
          <reporter-output>
          </reporter-output>
        </test-method> <!-- testRegister -->
        <test-method status="PASS" signature="afterMethod()[pri:0, instance:com.g2academy.testcases.loginmenu.TC_Register@22f71333]" name="afterMethod" is-config="true" duration-ms="2569" started-at="2020-05-18T12:46:09Z" finished-at="2020-05-18T12:46:11Z">
          <reporter-output>
          </reporter-output>
        </test-method> <!-- afterMethod -->
        <test-method status="PASS" signature="testRegister(java.lang.String, java.lang.String, java.lang.String, java.lang.String, java.lang.String, java.lang.String, java.lang.String, java.lang.String, java.lang.String, java.lang.String, java.lang.String, java.lang.String, java.lang.String, java.lang.String, java.lang.String)[pri:0, instance:com.g2academy.testcases.loginmenu.TC_Register@22f71333]" name="testRegister" duration-ms="4496" started-at="2020-05-18T12:46:11Z" data-provider="dataRegister" finished-at="2020-05-18T12:46:16Z">
          <params>
            <param index="0">
              <value>
                <![CDATA[negative case - invalid pin transaction, full name, password]]>
              </value>
            </param>
            <param index="1">
              <value>
                <![CDATA[bukan numeric]]>
              </value>
            </param>
            <param index="2">
              <value>
                <![CDATA[12345678]]>
              </value>
            </param>
            <param index="3">
              <value>
                <![CDATA[testregister@gmail.com]]>
              </value>
            </param>
            <param index="4">
              <value>
                <![CDATA[+6281252930398]]>
              </value>
            </param>
            <param index="5">
              <value>
                <![CDATA[PasswordSalah]]>
              </value>
            </param>
            <param index="6">
              <value>
                <![CDATA[Zanuar30@@]]>
              </value>
            </param>
            <param index="7">
              <value>
                <![CDATA[400]]>
              </value>
            </param>
            <param index="8">
              <value>
                <![CDATA[JSON parse error]]>
              </value>
            </param>
            <param index="9">
              <value>
                <![CDATA[-]]>
              </value>
            </param>
            <param index="10">
              <value>
                <![CDATA[-]]>
              </value>
            </param>
            <param index="11">
              <value>
                <![CDATA[-]]>
              </value>
            </param>
            <param index="12">
              <value>
                <![CDATA[-]]>
              </value>
            </param>
            <param index="13">
              <value>
                <![CDATA[-]]>
              </value>
            </param>
            <param index="14">
              <value>
                <![CDATA[-]]>
              </value>
            </param>
          </params>
          <reporter-output>
          </reporter-output>
        </test-method> <!-- testRegister -->
        <test-method status="PASS" signature="afterMethod()[pri:0, instance:com.g2academy.testcases.loginmenu.TC_Register@22f71333]" name="afterMethod" is-config="true" duration-ms="2556" started-at="2020-05-18T12:46:16Z" finished-at="2020-05-18T12:46:18Z">
          <reporter-output>
          </reporter-output>
        </test-method> <!-- afterMethod -->
        <test-method status="PASS" signature="testRegister(java.lang.String, java.lang.String, java.lang.String, java.lang.String, java.lang.String, java.lang.String, java.lang.String, java.lang.String, java.lang.String, java.lang.String, java.lang.String, java.lang.String, java.lang.String, java.lang.String, java.lang.String)[pri:0, instance:com.g2academy.testcases.loginmenu.TC_Register@22f71333]" name="testRegister" duration-ms="4941" started-at="2020-05-18T12:46:18Z" data-provider="dataRegister" finished-at="2020-05-18T12:46:23Z">
          <params>
            <param index="0">
              <value>
                <![CDATA[negative case - invalid pin transaction, full name, confirm password]]>
              </value>
            </param>
            <param index="1">
              <value>
                <![CDATA[bukan numeric]]>
              </value>
            </param>
            <param index="2">
              <value>
                <![CDATA[12345678]]>
              </value>
            </param>
            <param index="3">
              <value>
                <![CDATA[testregister@gmail.com]]>
              </value>
            </param>
            <param index="4">
              <value>
                <![CDATA[+6281252930398]]>
              </value>
            </param>
            <param index="5">
              <value>
                <![CDATA[Zanuar30@@]]>
              </value>
            </param>
            <param index="6">
              <value>
                <![CDATA[ConfirmPasswordSalah]]>
              </value>
            </param>
            <param index="7">
              <value>
                <![CDATA[400]]>
              </value>
            </param>
            <param index="8">
              <value>
                <![CDATA[JSON parse error]]>
              </value>
            </param>
            <param index="9">
              <value>
                <![CDATA[-]]>
              </value>
            </param>
            <param index="10">
              <value>
                <![CDATA[-]]>
              </value>
            </param>
            <param index="11">
              <value>
                <![CDATA[-]]>
              </value>
            </param>
            <param index="12">
              <value>
                <![CDATA[-]]>
              </value>
            </param>
            <param index="13">
              <value>
                <![CDATA[-]]>
              </value>
            </param>
            <param index="14">
              <value>
                <![CDATA[-]]>
              </value>
            </param>
          </params>
          <reporter-output>
          </reporter-output>
        </test-method> <!-- testRegister -->
        <test-method status="PASS" signature="afterMethod()[pri:0, instance:com.g2academy.testcases.loginmenu.TC_Register@22f71333]" name="afterMethod" is-config="true" duration-ms="1720" started-at="2020-05-18T12:46:23Z" finished-at="2020-05-18T12:46:25Z">
          <reporter-output>
          </reporter-output>
        </test-method> <!-- afterMethod -->
        <test-method status="PASS" signature="testRegister(java.lang.String, java.lang.String, java.lang.String, java.lang.String, java.lang.String, java.lang.String, java.lang.String, java.lang.String, java.lang.String, java.lang.String, java.lang.String, java.lang.String, java.lang.String, java.lang.String, java.lang.String)[pri:0, instance:com.g2academy.testcases.loginmenu.TC_Register@22f71333]" name="testRegister" duration-ms="5011" started-at="2020-05-18T12:46:25Z" data-provider="dataRegister" finished-at="2020-05-18T12:46:30Z">
          <params>
            <param index="0">
              <value>
                <![CDATA[negative case - invalid pin transaction, full name]]>
              </value>
            </param>
            <param index="1">
              <value>
                <![CDATA[bukan numeric]]>
              </value>
            </param>
            <param index="2">
              <value>
                <![CDATA[12345678]]>
              </value>
            </param>
            <param index="3">
              <value>
                <![CDATA[testregister@gmail.com]]>
              </value>
            </param>
            <param index="4">
              <value>
                <![CDATA[+6281252930398]]>
              </value>
            </param>
            <param index="5">
              <value>
                <![CDATA[Zanuar30@@]]>
              </value>
            </param>
            <param index="6">
              <value>
                <![CDATA[Zanuar30@@]]>
              </value>
            </param>
            <param index="7">
              <value>
                <![CDATA[400]]>
              </value>
            </param>
            <param index="8">
              <value>
                <![CDATA[JSON parse error]]>
              </value>
            </param>
            <param index="9">
              <value>
                <![CDATA[-]]>
              </value>
            </param>
            <param index="10">
              <value>
                <![CDATA[-]]>
              </value>
            </param>
            <param index="11">
              <value>
                <![CDATA[-]]>
              </value>
            </param>
            <param index="12">
              <value>
                <![CDATA[-]]>
              </value>
            </param>
            <param index="13">
              <value>
                <![CDATA[-]]>
              </value>
            </param>
            <param index="14">
              <value>
                <![CDATA[-]]>
              </value>
            </param>
          </params>
          <reporter-output>
          </reporter-output>
        </test-method> <!-- testRegister -->
        <test-method status="PASS" signature="afterMethod()[pri:0, instance:com.g2academy.testcases.loginmenu.TC_Register@22f71333]" name="afterMethod" is-config="true" duration-ms="2663" started-at="2020-05-18T12:46:30Z" finished-at="2020-05-18T12:46:33Z">
          <reporter-output>
          </reporter-output>
        </test-method> <!-- afterMethod -->
        <test-method status="PASS" signature="testRegister(java.lang.String, java.lang.String, java.lang.String, java.lang.String, java.lang.String, java.lang.String, java.lang.String, java.lang.String, java.lang.String, java.lang.String, java.lang.String, java.lang.String, java.lang.String, java.lang.String, java.lang.String)[pri:0, instance:com.g2academy.testcases.loginmenu.TC_Register@22f71333]" name="testRegister" duration-ms="5326" started-at="2020-05-18T12:46:33Z" data-provider="dataRegister" finished-at="2020-05-18T12:46:38Z">
          <params>
            <param index="0">
              <value>
                <![CDATA[negative case - invalid pin transaction, email, phone number, password, confirm password]]>
              </value>
            </param>
            <param index="1">
              <value>
                <![CDATA[bukan numeric]]>
              </value>
            </param>
            <param index="2">
              <value>
                <![CDATA[Zanuar Tri Romadon]]>
              </value>
            </param>
            <param index="3">
              <value>
                <![CDATA[testregister.gmail.com]]>
              </value>
            </param>
            <param index="4">
              <value>
                <![CDATA[not a number]]>
              </value>
            </param>
            <param index="5">
              <value>
                <![CDATA[PasswordSalah]]>
              </value>
            </param>
            <param index="6">
              <value>
                <![CDATA[ConfirmPasswordSalah]]>
              </value>
            </param>
            <param index="7">
              <value>
                <![CDATA[400]]>
              </value>
            </param>
            <param index="8">
              <value>
                <![CDATA[JSON parse error]]>
              </value>
            </param>
            <param index="9">
              <value>
                <![CDATA[-]]>
              </value>
            </param>
            <param index="10">
              <value>
                <![CDATA[-]]>
              </value>
            </param>
            <param index="11">
              <value>
                <![CDATA[-]]>
              </value>
            </param>
            <param index="12">
              <value>
                <![CDATA[-]]>
              </value>
            </param>
            <param index="13">
              <value>
                <![CDATA[-]]>
              </value>
            </param>
            <param index="14">
              <value>
                <![CDATA[-]]>
              </value>
            </param>
          </params>
          <reporter-output>
          </reporter-output>
        </test-method> <!-- testRegister -->
        <test-method status="PASS" signature="afterMethod()[pri:0, instance:com.g2academy.testcases.loginmenu.TC_Register@22f71333]" name="afterMethod" is-config="true" duration-ms="2047" started-at="2020-05-18T12:46:38Z" finished-at="2020-05-18T12:46:40Z">
          <reporter-output>
          </reporter-output>
        </test-method> <!-- afterMethod -->
        <test-method status="PASS" signature="testRegister(java.lang.String, java.lang.String, java.lang.String, java.lang.String, java.lang.String, java.lang.String, java.lang.String, java.lang.String, java.lang.String, java.lang.String, java.lang.String, java.lang.String, java.lang.String, java.lang.String, java.lang.String)[pri:0, instance:com.g2academy.testcases.loginmenu.TC_Register@22f71333]" name="testRegister" duration-ms="4095" started-at="2020-05-18T12:46:40Z" data-provider="dataRegister" finished-at="2020-05-18T12:46:44Z">
          <params>
            <param index="0">
              <value>
                <![CDATA[negative case - invalid pin transaction, email, phone number, password]]>
              </value>
            </param>
            <param index="1">
              <value>
                <![CDATA[bukan numeric]]>
              </value>
            </param>
            <param index="2">
              <value>
                <![CDATA[Zanuar Tri Romadon]]>
              </value>
            </param>
            <param index="3">
              <value>
                <![CDATA[testregister.gmail.com]]>
              </value>
            </param>
            <param index="4">
              <value>
                <![CDATA[not a number]]>
              </value>
            </param>
            <param index="5">
              <value>
                <![CDATA[PasswordSalah]]>
              </value>
            </param>
            <param index="6">
              <value>
                <![CDATA[Zanuar30@@]]>
              </value>
            </param>
            <param index="7">
              <value>
                <![CDATA[400]]>
              </value>
            </param>
            <param index="8">
              <value>
                <![CDATA[JSON parse error]]>
              </value>
            </param>
            <param index="9">
              <value>
                <![CDATA[-]]>
              </value>
            </param>
            <param index="10">
              <value>
                <![CDATA[-]]>
              </value>
            </param>
            <param index="11">
              <value>
                <![CDATA[-]]>
              </value>
            </param>
            <param index="12">
              <value>
                <![CDATA[-]]>
              </value>
            </param>
            <param index="13">
              <value>
                <![CDATA[-]]>
              </value>
            </param>
            <param index="14">
              <value>
                <![CDATA[-]]>
              </value>
            </param>
          </params>
          <reporter-output>
          </reporter-output>
        </test-method> <!-- testRegister -->
        <test-method status="PASS" signature="afterMethod()[pri:0, instance:com.g2academy.testcases.loginmenu.TC_Register@22f71333]" name="afterMethod" is-config="true" duration-ms="2253" started-at="2020-05-18T12:46:44Z" finished-at="2020-05-18T12:46:47Z">
          <reporter-output>
          </reporter-output>
        </test-method> <!-- afterMethod -->
        <test-method status="PASS" signature="testRegister(java.lang.String, java.lang.String, java.lang.String, java.lang.String, java.lang.String, java.lang.String, java.lang.String, java.lang.String, java.lang.String, java.lang.String, java.lang.String, java.lang.String, java.lang.String, java.lang.String, java.lang.String)[pri:0, instance:com.g2academy.testcases.loginmenu.TC_Register@22f71333]" name="testRegister" duration-ms="3992" started-at="2020-05-18T12:46:47Z" data-provider="dataRegister" finished-at="2020-05-18T12:46:51Z">
          <params>
            <param index="0">
              <value>
                <![CDATA[negative case - invalid pin transaction, email, phone number, confirm password]]>
              </value>
            </param>
            <param index="1">
              <value>
                <![CDATA[bukan numeric]]>
              </value>
            </param>
            <param index="2">
              <value>
                <![CDATA[Zanuar Tri Romadon]]>
              </value>
            </param>
            <param index="3">
              <value>
                <![CDATA[testregister.gmail.com]]>
              </value>
            </param>
            <param index="4">
              <value>
                <![CDATA[not a number]]>
              </value>
            </param>
            <param index="5">
              <value>
                <![CDATA[Zanuar30@@]]>
              </value>
            </param>
            <param index="6">
              <value>
                <![CDATA[ConfirmPasswordSalah]]>
              </value>
            </param>
            <param index="7">
              <value>
                <![CDATA[400]]>
              </value>
            </param>
            <param index="8">
              <value>
                <![CDATA[JSON parse error]]>
              </value>
            </param>
            <param index="9">
              <value>
                <![CDATA[-]]>
              </value>
            </param>
            <param index="10">
              <value>
                <![CDATA[-]]>
              </value>
            </param>
            <param index="11">
              <value>
                <![CDATA[-]]>
              </value>
            </param>
            <param index="12">
              <value>
                <![CDATA[-]]>
              </value>
            </param>
            <param index="13">
              <value>
                <![CDATA[-]]>
              </value>
            </param>
            <param index="14">
              <value>
                <![CDATA[-]]>
              </value>
            </param>
          </params>
          <reporter-output>
          </reporter-output>
        </test-method> <!-- testRegister -->
        <test-method status="PASS" signature="afterMethod()[pri:0, instance:com.g2academy.testcases.loginmenu.TC_Register@22f71333]" name="afterMethod" is-config="true" duration-ms="2150" started-at="2020-05-18T12:46:51Z" finished-at="2020-05-18T12:46:53Z">
          <reporter-output>
          </reporter-output>
        </test-method> <!-- afterMethod -->
        <test-method status="PASS" signature="testRegister(java.lang.String, java.lang.String, java.lang.String, java.lang.String, java.lang.String, java.lang.String, java.lang.String, java.lang.String, java.lang.String, java.lang.String, java.lang.String, java.lang.String, java.lang.String, java.lang.String, java.lang.String)[pri:0, instance:com.g2academy.testcases.loginmenu.TC_Register@22f71333]" name="testRegister" duration-ms="4301" started-at="2020-05-18T12:46:53Z" data-provider="dataRegister" finished-at="2020-05-18T12:46:57Z">
          <params>
            <param index="0">
              <value>
                <![CDATA[negative case - invalid pin transaction, email, phone number]]>
              </value>
            </param>
            <param index="1">
              <value>
                <![CDATA[bukan numeric]]>
              </value>
            </param>
            <param index="2">
              <value>
                <![CDATA[Zanuar Tri Romadon]]>
              </value>
            </param>
            <param index="3">
              <value>
                <![CDATA[testregister.gmail.com]]>
              </value>
            </param>
            <param index="4">
              <value>
                <![CDATA[not a number]]>
              </value>
            </param>
            <param index="5">
              <value>
                <![CDATA[Zanuar30@@]]>
              </value>
            </param>
            <param index="6">
              <value>
                <![CDATA[Zanuar30@@]]>
              </value>
            </param>
            <param index="7">
              <value>
                <![CDATA[400]]>
              </value>
            </param>
            <param index="8">
              <value>
                <![CDATA[JSON parse error]]>
              </value>
            </param>
            <param index="9">
              <value>
                <![CDATA[-]]>
              </value>
            </param>
            <param index="10">
              <value>
                <![CDATA[-]]>
              </value>
            </param>
            <param index="11">
              <value>
                <![CDATA[-]]>
              </value>
            </param>
            <param index="12">
              <value>
                <![CDATA[-]]>
              </value>
            </param>
            <param index="13">
              <value>
                <![CDATA[-]]>
              </value>
            </param>
            <param index="14">
              <value>
                <![CDATA[-]]>
              </value>
            </param>
          </params>
          <reporter-output>
          </reporter-output>
        </test-method> <!-- testRegister -->
        <test-method status="PASS" signature="afterMethod()[pri:0, instance:com.g2academy.testcases.loginmenu.TC_Register@22f71333]" name="afterMethod" is-config="true" duration-ms="2867" started-at="2020-05-18T12:46:57Z" finished-at="2020-05-18T12:47:00Z">
          <reporter-output>
          </reporter-output>
        </test-method> <!-- afterMethod -->
        <test-method status="PASS" signature="testRegister(java.lang.String, java.lang.String, java.lang.String, java.lang.String, java.lang.String, java.lang.String, java.lang.String, java.lang.String, java.lang.String, java.lang.String, java.lang.String, java.lang.String, java.lang.String, java.lang.String, java.lang.String)[pri:0, instance:com.g2academy.testcases.loginmenu.TC_Register@22f71333]" name="testRegister" duration-ms="4506" started-at="2020-05-18T12:47:00Z" data-provider="dataRegister" finished-at="2020-05-18T12:47:04Z">
          <params>
            <param index="0">
              <value>
                <![CDATA[negative case - invalid pin transaction, email, password, confirm password]]>
              </value>
            </param>
            <param index="1">
              <value>
                <![CDATA[bukan numeric]]>
              </value>
            </param>
            <param index="2">
              <value>
                <![CDATA[Zanuar Tri Romadon]]>
              </value>
            </param>
            <param index="3">
              <value>
                <![CDATA[testregister.gmail.com]]>
              </value>
            </param>
            <param index="4">
              <value>
                <![CDATA[+6281252930398]]>
              </value>
            </param>
            <param index="5">
              <value>
                <![CDATA[PasswordSalah]]>
              </value>
            </param>
            <param index="6">
              <value>
                <![CDATA[ConfirmPasswordSalah]]>
              </value>
            </param>
            <param index="7">
              <value>
                <![CDATA[400]]>
              </value>
            </param>
            <param index="8">
              <value>
                <![CDATA[JSON parse error]]>
              </value>
            </param>
            <param index="9">
              <value>
                <![CDATA[-]]>
              </value>
            </param>
            <param index="10">
              <value>
                <![CDATA[-]]>
              </value>
            </param>
            <param index="11">
              <value>
                <![CDATA[-]]>
              </value>
            </param>
            <param index="12">
              <value>
                <![CDATA[-]]>
              </value>
            </param>
            <param index="13">
              <value>
                <![CDATA[-]]>
              </value>
            </param>
            <param index="14">
              <value>
                <![CDATA[-]]>
              </value>
            </param>
          </params>
          <reporter-output>
          </reporter-output>
        </test-method> <!-- testRegister -->
        <test-method status="PASS" signature="afterMethod()[pri:0, instance:com.g2academy.testcases.loginmenu.TC_Register@22f71333]" name="afterMethod" is-config="true" duration-ms="2457" started-at="2020-05-18T12:47:04Z" finished-at="2020-05-18T12:47:07Z">
          <reporter-output>
          </reporter-output>
        </test-method> <!-- afterMethod -->
        <test-method status="PASS" signature="testRegister(java.lang.String, java.lang.String, java.lang.String, java.lang.String, java.lang.String, java.lang.String, java.lang.String, java.lang.String, java.lang.String, java.lang.String, java.lang.String, java.lang.String, java.lang.String, java.lang.String, java.lang.String)[pri:0, instance:com.g2academy.testcases.loginmenu.TC_Register@22f71333]" name="testRegister" duration-ms="4094" started-at="2020-05-18T12:47:07Z" data-provider="dataRegister" finished-at="2020-05-18T12:47:11Z">
          <params>
            <param index="0">
              <value>
                <![CDATA[negative case - invalid pin transaction, email, password]]>
              </value>
            </param>
            <param index="1">
              <value>
                <![CDATA[bukan numeric]]>
              </value>
            </param>
            <param index="2">
              <value>
                <![CDATA[Zanuar Tri Romadon]]>
              </value>
            </param>
            <param index="3">
              <value>
                <![CDATA[testregister.gmail.com]]>
              </value>
            </param>
            <param index="4">
              <value>
                <![CDATA[+6281252930398]]>
              </value>
            </param>
            <param index="5">
              <value>
                <![CDATA[PasswordSalah]]>
              </value>
            </param>
            <param index="6">
              <value>
                <![CDATA[Zanuar30@@]]>
              </value>
            </param>
            <param index="7">
              <value>
                <![CDATA[400]]>
              </value>
            </param>
            <param index="8">
              <value>
                <![CDATA[JSON parse error]]>
              </value>
            </param>
            <param index="9">
              <value>
                <![CDATA[-]]>
              </value>
            </param>
            <param index="10">
              <value>
                <![CDATA[-]]>
              </value>
            </param>
            <param index="11">
              <value>
                <![CDATA[-]]>
              </value>
            </param>
            <param index="12">
              <value>
                <![CDATA[-]]>
              </value>
            </param>
            <param index="13">
              <value>
                <![CDATA[-]]>
              </value>
            </param>
            <param index="14">
              <value>
                <![CDATA[-]]>
              </value>
            </param>
          </params>
          <reporter-output>
          </reporter-output>
        </test-method> <!-- testRegister -->
        <test-method status="PASS" signature="afterMethod()[pri:0, instance:com.g2academy.testcases.loginmenu.TC_Register@22f71333]" name="afterMethod" is-config="true" duration-ms="2254" started-at="2020-05-18T12:47:11Z" finished-at="2020-05-18T12:47:13Z">
          <reporter-output>
          </reporter-output>
        </test-method> <!-- afterMethod -->
        <test-method status="PASS" signature="testRegister(java.lang.String, java.lang.String, java.lang.String, java.lang.String, java.lang.String, java.lang.String, java.lang.String, java.lang.String, java.lang.String, java.lang.String, java.lang.String, java.lang.String, java.lang.String, java.lang.String, java.lang.String)[pri:0, instance:com.g2academy.testcases.loginmenu.TC_Register@22f71333]" name="testRegister" duration-ms="4300" started-at="2020-05-18T12:47:13Z" data-provider="dataRegister" finished-at="2020-05-18T12:47:17Z">
          <params>
            <param index="0">
              <value>
                <![CDATA[negative case - invalid pin transaction, email, confirm password]]>
              </value>
            </param>
            <param index="1">
              <value>
                <![CDATA[bukan numeric]]>
              </value>
            </param>
            <param index="2">
              <value>
                <![CDATA[Zanuar Tri Romadon]]>
              </value>
            </param>
            <param index="3">
              <value>
                <![CDATA[testregister.gmail.com]]>
              </value>
            </param>
            <param index="4">
              <value>
                <![CDATA[+6281252930398]]>
              </value>
            </param>
            <param index="5">
              <value>
                <![CDATA[Zanuar30@@]]>
              </value>
            </param>
            <param index="6">
              <value>
                <![CDATA[ConfirmPasswordSalah]]>
              </value>
            </param>
            <param index="7">
              <value>
                <![CDATA[400]]>
              </value>
            </param>
            <param index="8">
              <value>
                <![CDATA[JSON parse error]]>
              </value>
            </param>
            <param index="9">
              <value>
                <![CDATA[-]]>
              </value>
            </param>
            <param index="10">
              <value>
                <![CDATA[-]]>
              </value>
            </param>
            <param index="11">
              <value>
                <![CDATA[-]]>
              </value>
            </param>
            <param index="12">
              <value>
                <![CDATA[-]]>
              </value>
            </param>
            <param index="13">
              <value>
                <![CDATA[-]]>
              </value>
            </param>
            <param index="14">
              <value>
                <![CDATA[-]]>
              </value>
            </param>
          </params>
          <reporter-output>
          </reporter-output>
        </test-method> <!-- testRegister -->
        <test-method status="PASS" signature="afterMethod()[pri:0, instance:com.g2academy.testcases.loginmenu.TC_Register@22f71333]" name="afterMethod" is-config="true" duration-ms="2252" started-at="2020-05-18T12:47:17Z" finished-at="2020-05-18T12:47:20Z">
          <reporter-output>
          </reporter-output>
        </test-method> <!-- afterMethod -->
        <test-method status="PASS" signature="testRegister(java.lang.String, java.lang.String, java.lang.String, java.lang.String, java.lang.String, java.lang.String, java.lang.String, java.lang.String, java.lang.String, java.lang.String, java.lang.String, java.lang.String, java.lang.String, java.lang.String, java.lang.String)[pri:0, instance:com.g2academy.testcases.loginmenu.TC_Register@22f71333]" name="testRegister" duration-ms="4710" started-at="2020-05-18T12:47:20Z" data-provider="dataRegister" finished-at="2020-05-18T12:47:24Z">
          <params>
            <param index="0">
              <value>
                <![CDATA[negative case - invalid pin transaction, email]]>
              </value>
            </param>
            <param index="1">
              <value>
                <![CDATA[bukan numeric]]>
              </value>
            </param>
            <param index="2">
              <value>
                <![CDATA[Zanuar Tri Romadon]]>
              </value>
            </param>
            <param index="3">
              <value>
                <![CDATA[testregister.gmail.com]]>
              </value>
            </param>
            <param index="4">
              <value>
                <![CDATA[+6281252930398]]>
              </value>
            </param>
            <param index="5">
              <value>
                <![CDATA[Zanuar30@@]]>
              </value>
            </param>
            <param index="6">
              <value>
                <![CDATA[Zanuar30@@]]>
              </value>
            </param>
            <param index="7">
              <value>
                <![CDATA[400]]>
              </value>
            </param>
            <param index="8">
              <value>
                <![CDATA[JSON parse error]]>
              </value>
            </param>
            <param index="9">
              <value>
                <![CDATA[-]]>
              </value>
            </param>
            <param index="10">
              <value>
                <![CDATA[-]]>
              </value>
            </param>
            <param index="11">
              <value>
                <![CDATA[-]]>
              </value>
            </param>
            <param index="12">
              <value>
                <![CDATA[-]]>
              </value>
            </param>
            <param index="13">
              <value>
                <![CDATA[-]]>
              </value>
            </param>
            <param index="14">
              <value>
                <![CDATA[-]]>
              </value>
            </param>
          </params>
          <reporter-output>
          </reporter-output>
        </test-method> <!-- testRegister -->
        <test-method status="PASS" signature="afterMethod()[pri:0, instance:com.g2academy.testcases.loginmenu.TC_Register@22f71333]" name="afterMethod" is-config="true" duration-ms="2457" started-at="2020-05-18T12:47:24Z" finished-at="2020-05-18T12:47:27Z">
          <reporter-output>
          </reporter-output>
        </test-method> <!-- afterMethod -->
        <test-method status="PASS" signature="testRegister(java.lang.String, java.lang.String, java.lang.String, java.lang.String, java.lang.String, java.lang.String, java.lang.String, java.lang.String, java.lang.String, java.lang.String, java.lang.String, java.lang.String, java.lang.String, java.lang.String, java.lang.String)[pri:0, instance:com.g2academy.testcases.loginmenu.TC_Register@22f71333]" name="testRegister" duration-ms="4713" started-at="2020-05-18T12:47:27Z" data-provider="dataRegister" finished-at="2020-05-18T12:47:32Z">
          <params>
            <param index="0">
              <value>
                <![CDATA[negative case - invalid pin transaction, phone number, password, confirm password]]>
              </value>
            </param>
            <param index="1">
              <value>
                <![CDATA[bukan numeric]]>
              </value>
            </param>
            <param index="2">
              <value>
                <![CDATA[Zanuar Tri Romadon]]>
              </value>
            </param>
            <param index="3">
              <value>
                <![CDATA[testregister@gmail.com]]>
              </value>
            </param>
            <param index="4">
              <value>
                <![CDATA[not a number]]>
              </value>
            </param>
            <param index="5">
              <value>
                <![CDATA[PasswordSalah]]>
              </value>
            </param>
            <param index="6">
              <value>
                <![CDATA[ConfirmPasswordSalah]]>
              </value>
            </param>
            <param index="7">
              <value>
                <![CDATA[400]]>
              </value>
            </param>
            <param index="8">
              <value>
                <![CDATA[JSON parse error]]>
              </value>
            </param>
            <param index="9">
              <value>
                <![CDATA[-]]>
              </value>
            </param>
            <param index="10">
              <value>
                <![CDATA[-]]>
              </value>
            </param>
            <param index="11">
              <value>
                <![CDATA[-]]>
              </value>
            </param>
            <param index="12">
              <value>
                <![CDATA[-]]>
              </value>
            </param>
            <param index="13">
              <value>
                <![CDATA[-]]>
              </value>
            </param>
            <param index="14">
              <value>
                <![CDATA[-]]>
              </value>
            </param>
          </params>
          <reporter-output>
          </reporter-output>
        </test-method> <!-- testRegister -->
        <test-method status="PASS" signature="afterMethod()[pri:0, instance:com.g2academy.testcases.loginmenu.TC_Register@22f71333]" name="afterMethod" is-config="true" duration-ms="2864" started-at="2020-05-18T12:47:32Z" finished-at="2020-05-18T12:47:34Z">
          <reporter-output>
          </reporter-output>
        </test-method> <!-- afterMethod -->
        <test-method status="PASS" signature="testRegister(java.lang.String, java.lang.String, java.lang.String, java.lang.String, java.lang.String, java.lang.String, java.lang.String, java.lang.String, java.lang.String, java.lang.String, java.lang.String, java.lang.String, java.lang.String, java.lang.String, java.lang.String)[pri:0, instance:com.g2academy.testcases.loginmenu.TC_Register@22f71333]" name="testRegister" duration-ms="5324" started-at="2020-05-18T12:47:34Z" data-provider="dataRegister" finished-at="2020-05-18T12:47:40Z">
          <params>
            <param index="0">
              <value>
                <![CDATA[negative case - invalid pin transaction, phone number, password]]>
              </value>
            </param>
            <param index="1">
              <value>
                <![CDATA[bukan numeric]]>
              </value>
            </param>
            <param index="2">
              <value>
                <![CDATA[Zanuar Tri Romadon]]>
              </value>
            </param>
            <param index="3">
              <value>
                <![CDATA[testregister@gmail.com]]>
              </value>
            </param>
            <param index="4">
[...]
        </test-method> <!-- testRegister -->
        <test-method status="PASS" signature="afterMethod()[pri:0, instance:com.g2academy.testcases.loginmenu.TC_Register@22f71333]" name="afterMethod" is-config="true" duration-ms="2663" started-at="2020-05-18T12:55:28Z" finished-at="2020-05-18T12:55:31Z">
          <reporter-output>
          </reporter-output>
        </test-method> <!-- afterMethod -->
        <test-method status="FAIL" signature="testRegister(java.lang.String, java.lang.String, java.lang.String, java.lang.String, java.lang.String, java.lang.String, java.lang.String, java.lang.String, java.lang.String, java.lang.String, java.lang.String, java.lang.String, java.lang.String, java.lang.String, java.lang.String)[pri:0, instance:com.g2academy.testcases.loginmenu.TC_Register@22f71333]" name="testRegister" duration-ms="6553" started-at="2020-05-18T12:55:31Z" data-provider="dataRegister" finished-at="2020-05-18T12:55:37Z">
          <params>
            <param index="0">
              <value>
                <![CDATA[negative case - invalid status otp code (timeout)]]>
              </value>
            </param>
            <param index="1">
              <value>
                <![CDATA[123456]]>
              </value>
            </param>
            <param index="2">
              <value>
                <![CDATA[Zanuar Tri Romadon]]>
              </value>
            </param>
            <param index="3">
              <value>
                <![CDATA[testregister@gmail.com]]>
              </value>
            </param>
            <param index="4">
              <value>
                <![CDATA[+6281252930398]]>
              </value>
            </param>
            <param index="5">
              <value>
                <![CDATA[Zanuar30@@]]>
              </value>
            </param>
            <param index="6">
              <value>
                <![CDATA[Zanuar30@@]]>
              </value>
            </param>
            <param index="7">
              <value>
                <![CDATA[200]]>
              </value>
            </param>
            <param index="8">
              <value>
                <![CDATA[200]]>
              </value>
            </param>
            <param index="9">
              <value>
                <![CDATA[OTP]]>
              </value>
            </param>
            <param index="10">
              <value>
                <![CDATA[TRUE]]>
              </value>
            </param>
            <param index="11">
              <value>
                <![CDATA[false]]>
              </value>
            </param>
            <param index="12">
              <value>
                <![CDATA[-]]>
              </value>
            </param>
            <param index="13">
              <value>
                <![CDATA[400]]>
              </value>
            </param>
            <param index="14">
              <value>
                <![CDATA[Wrong otp]]>
              </value>
            </param>
          </params>
          <exception class="java.lang.AssertionError">
            <message>
              <![CDATA[expected [200] but found [500]]]>
            </message>
            <full-stacktrace>
              <![CDATA[java.lang.AssertionError: expected [200] but found [500]
at org.testng.Assert.fail(Assert.java:96)
at org.testng.Assert.failNotEquals(Assert.java:776)
at org.testng.Assert.assertEqualsImpl(Assert.java:137)
at org.testng.Assert.assertEquals(Assert.java:118)
at org.testng.Assert.assertEquals(Assert.java:652)
at org.testng.Assert.assertEquals(Assert.java:662)
at com.g2academy.base.Assertion.statusCode(Assertion.java:8)
at com.g2academy.testcases.loginmenu.TC_Register.testRegister(TC_Register.java:90)
at sun.reflect.GeneratedMethodAccessor132.invoke(Unknown Source)
at sun.reflect.DelegatingMethodAccessorImpl.invoke(DelegatingMethodAccessorImpl.java:43)
at java.lang.reflect.Method.invoke(Method.java:498)
at org.testng.internal.MethodInvocationHelper.invokeMethod(MethodInvocationHelper.java:124)
at org.testng.internal.InvokeMethodRunnable.runOne(InvokeMethodRunnable.java:54)
at org.testng.internal.InvokeMethodRunnable.run(InvokeMethodRunnable.java:44)
at java.util.concurrent.Executors$RunnableAdapter.call(Executors.java:511)
at java.util.concurrent.FutureTask.run(FutureTask.java:266)
at java.util.concurrent.ThreadPoolExecutor.runWorker(ThreadPoolExecutor.java:1149)
at java.util.concurrent.ThreadPoolExecutor$Worker.run(ThreadPoolExecutor.java:624)
at java.lang.Thread.run(Thread.java:748)
]]>
            </full-stacktrace>
          </exception> <!-- java.lang.AssertionError -->
          <reporter-output>
          </reporter-output>
        </test-method> <!-- testRegister -->
        <test-method status="PASS" signature="afterMethod()[pri:0, instance:com.g2academy.testcases.loginmenu.TC_Register@22f71333]" name="afterMethod" is-config="true" duration-ms="3071" started-at="2020-05-18T12:55:37Z" finished-at="2020-05-18T12:55:40Z">
          <reporter-output>
          </reporter-output>
        </test-method> <!-- afterMethod -->
        <test-method status="FAIL" signature="testRegister(java.lang.String, java.lang.String, java.lang.String, java.lang.String, java.lang.String, java.lang.String, java.lang.String, java.lang.String, java.lang.String, java.lang.String, java.lang.String, java.lang.String, java.lang.String, java.lang.String, java.lang.String)[pri:0, instance:com.g2academy.testcases.loginmenu.TC_Register@22f71333]" name="testRegister" duration-ms="5783" started-at="2020-05-18T12:55:40Z" data-provider="dataRegister" finished-at="2020-05-18T12:55:46Z">
          <params>
            <param index="0">
              <value>
                <![CDATA[negative case - invalid otp code]]>
              </value>
            </param>
            <param index="1">
              <value>
                <![CDATA[123456]]>
              </value>
            </param>
            <param index="2">
              <value>
                <![CDATA[Zanuar Tri Romadon]]>
              </value>
            </param>
            <param index="3">
              <value>
                <![CDATA[testregister@gmail.com]]>
              </value>
            </param>
            <param index="4">
              <value>
                <![CDATA[+6281252930398]]>
              </value>
            </param>
            <param index="5">
              <value>
                <![CDATA[Zanuar30@@]]>
              </value>
            </param>
            <param index="6">
              <value>
                <![CDATA[Zanuar30@@]]>
              </value>
            </param>
            <param index="7">
              <value>
                <![CDATA[200]]>
              </value>
            </param>
            <param index="8">
              <value>
                <![CDATA[200]]>
              </value>
            </param>
            <param index="9">
              <value>
                <![CDATA[OTP]]>
              </value>
            </param>
            <param index="10">
              <value>
                <![CDATA[1541]]>
              </value>
            </param>
            <param index="11">
              <value>
                <![CDATA[true]]>
              </value>
            </param>
            <param index="12">
              <value>
                <![CDATA[-]]>
              </value>
            </param>
            <param index="13">
              <value>
                <![CDATA[400]]>
              </value>
            </param>
            <param index="14">
              <value>
                <![CDATA[Your otp wrong please try aggin]]>
              </value>
            </param>
          </params>
          <exception class="java.lang.AssertionError">
            <message>
              <![CDATA[expected [200] but found [500]]]>
            </message>
            <full-stacktrace>
              <![CDATA[java.lang.AssertionError: expected [200] but found [500]
at org.testng.Assert.fail(Assert.java:96)
at org.testng.Assert.failNotEquals(Assert.java:776)
at org.testng.Assert.assertEqualsImpl(Assert.java:137)
at org.testng.Assert.assertEquals(Assert.java:118)
at org.testng.Assert.assertEquals(Assert.java:652)
at org.testng.Assert.assertEquals(Assert.java:662)
at com.g2academy.base.Assertion.statusCode(Assertion.java:8)
at com.g2academy.testcases.loginmenu.TC_Register.testRegister(TC_Register.java:90)
at sun.reflect.GeneratedMethodAccessor132.invoke(Unknown Source)
at sun.reflect.DelegatingMethodAccessorImpl.invoke(DelegatingMethodAccessorImpl.java:43)
at java.lang.reflect.Method.invoke(Method.java:498)
at org.testng.internal.MethodInvocationHelper.invokeMethod(MethodInvocationHelper.java:124)
at org.testng.internal.InvokeMethodRunnable.runOne(InvokeMethodRunnable.java:54)
at org.testng.internal.InvokeMethodRunnable.run(InvokeMethodRunnable.java:44)
at java.util.concurrent.Executors$RunnableAdapter.call(Executors.java:511)
at java.util.concurrent.FutureTask.run(FutureTask.java:266)
at java.util.concurrent.ThreadPoolExecutor.runWorker(ThreadPoolExecutor.java:1149)
at java.util.concurrent.ThreadPoolExecutor$Worker.run(ThreadPoolExecutor.java:624)
at java.lang.Thread.run(Thread.java:748)
]]>
            </full-stacktrace>
          </exception> <!-- java.lang.AssertionError -->
          <reporter-output>
          </reporter-output>
        </test-method> <!-- testRegister -->
        <test-method status="PASS" signature="afterMethod()[pri:0, instance:com.g2academy.testcases.loginmenu.TC_Register@22f71333]" name="afterMethod" is-config="true" duration-ms="2201" started-at="2020-05-18T12:55:46Z" finished-at="2020-05-18T12:55:48Z">
          <reporter-output>
          </reporter-output>
        </test-method> <!-- afterMethod -->
        <test-method status="FAIL" signature="testRegister(java.lang.String, java.lang.String, java.lang.String, java.lang.String, java.lang.String, java.lang.String, java.lang.String, java.lang.String, java.lang.String, java.lang.String, java.lang.String, java.lang.String, java.lang.String, java.lang.String, java.lang.String)[pri:0, instance:com.g2academy.testcases.loginmenu.TC_Register@22f71333]" name="testRegister" duration-ms="5365" started-at="2020-05-18T12:55:48Z" data-provider="dataRegister" finished-at="2020-05-18T12:55:54Z">
          <params>
            <param index="0">
              <value>
                <![CDATA[positif case - valid token]]>
              </value>
            </param>
            <param index="1">
              <value>
                <![CDATA[123456]]>
              </value>
            </param>
            <param index="2">
              <value>
                <![CDATA[Zanuar Tri Romadon]]>
              </value>
            </param>
            <param index="3">
              <value>
                <![CDATA[testregister@gmail.com]]>
              </value>
            </param>
            <param index="4">
              <value>
                <![CDATA[+6281252930398]]>
              </value>
            </param>
            <param index="5">
              <value>
                <![CDATA[Zanuar30@@]]>
              </value>
            </param>
            <param index="6">
              <value>
                <![CDATA[Zanuar30@@]]>
              </value>
            </param>
            <param index="7">
              <value>
                <![CDATA[200]]>
              </value>
            </param>
            <param index="8">
              <value>
                <![CDATA[200]]>
              </value>
            </param>
            <param index="9">
              <value>
                <![CDATA[TOKEN]]>
              </value>
            </param>
            <param index="10">
              <value>
                <![CDATA[-]]>
              </value>
            </param>
            <param index="11">
              <value>
                <![CDATA[-]]>
              </value>
            </param>
            <param index="12">
              <value>
                <![CDATA[TRUE]]>
              </value>
            </param>
            <param index="13">
              <value>
                <![CDATA[200]]>
              </value>
            </param>
            <param index="14">
              <value>
                <![CDATA[+6281252930398]]>
              </value>
            </param>
          </params>
          <exception class="java.lang.AssertionError">
            <message>
              <![CDATA[expected [200] but found [500]]]>
            </message>
            <full-stacktrace>
              <![CDATA[java.lang.AssertionError: expected [200] but found [500]
at org.testng.Assert.fail(Assert.java:96)
at org.testng.Assert.failNotEquals(Assert.java:776)
at org.testng.Assert.assertEqualsImpl(Assert.java:137)
at org.testng.Assert.assertEquals(Assert.java:118)
at org.testng.Assert.assertEquals(Assert.java:652)
at org.testng.Assert.assertEquals(Assert.java:662)
at com.g2academy.base.Assertion.statusCode(Assertion.java:8)
at com.g2academy.testcases.loginmenu.TC_Register.testRegister(TC_Register.java:90)
at sun.reflect.GeneratedMethodAccessor132.invoke(Unknown Source)
at sun.reflect.DelegatingMethodAccessorImpl.invoke(DelegatingMethodAccessorImpl.java:43)
at java.lang.reflect.Method.invoke(Method.java:498)
at org.testng.internal.MethodInvocationHelper.invokeMethod(MethodInvocationHelper.java:124)
at org.testng.internal.InvokeMethodRunnable.runOne(InvokeMethodRunnable.java:54)
at org.testng.internal.InvokeMethodRunnable.run(InvokeMethodRunnable.java:44)
at java.util.concurrent.Executors$RunnableAdapter.call(Executors.java:511)
at java.util.concurrent.FutureTask.run(FutureTask.java:266)
at java.util.concurrent.ThreadPoolExecutor.runWorker(ThreadPoolExecutor.java:1149)
at java.util.concurrent.ThreadPoolExecutor$Worker.run(ThreadPoolExecutor.java:624)
at java.lang.Thread.run(Thread.java:748)
]]>
            </full-stacktrace>
          </exception> <!-- java.lang.AssertionError -->
          <reporter-output>
          </reporter-output>
        </test-method> <!-- testRegister -->
        <test-method status="PASS" signature="afterMethod()[pri:0, instance:com.g2academy.testcases.loginmenu.TC_Register@22f71333]" name="afterMethod" is-config="true" duration-ms="2026" started-at="2020-05-18T12:55:54Z" finished-at="2020-05-18T12:55:56Z">
          <reporter-output>
          </reporter-output>
        </test-method> <!-- afterMethod -->
        <test-method status="FAIL" signature="testRegister(java.lang.String, java.lang.String, java.lang.String, java.lang.String, java.lang.String, java.lang.String, java.lang.String, java.lang.String, java.lang.String, java.lang.String, java.lang.String, java.lang.String, java.lang.String, java.lang.String, java.lang.String)[pri:0, instance:com.g2academy.testcases.loginmenu.TC_Register@22f71333]" name="testRegister" duration-ms="5307" started-at="2020-05-18T12:55:56Z" data-provider="dataRegister" finished-at="2020-05-18T12:56:01Z">
          <params>
            <param index="0">
              <value>
                <![CDATA[negative case - invalid token]]>
              </value>
            </param>
            <param index="1">
              <value>
                <![CDATA[123456]]>
              </value>
            </param>
            <param index="2">
              <value>
                <![CDATA[Zanuar Tri Romadon]]>
              </value>
            </param>
            <param index="3">
              <value>
                <![CDATA[testregister@gmail.com]]>
              </value>
            </param>
            <param index="4">
              <value>
                <![CDATA[+6281252930398]]>
              </value>
            </param>
            <param index="5">
              <value>
                <![CDATA[Zanuar30@@]]>
              </value>
            </param>
            <param index="6">
              <value>
                <![CDATA[Zanuar30@@]]>
              </value>
            </param>
            <param index="7">
              <value>
                <![CDATA[200]]>
              </value>
            </param>
            <param index="8">
              <value>
                <![CDATA[200]]>
              </value>
            </param>
            <param index="9">
              <value>
                <![CDATA[TOKEN]]>
              </value>
            </param>
            <param index="10">
              <value>
                <![CDATA[-]]>
              </value>
            </param>
            <param index="11">
              <value>
                <![CDATA[-]]>
              </value>
            </param>
            <param index="12">
              <value>
                <![CDATA[token-salah]]>
              </value>
            </param>
            <param index="13">
              <value>
                <![CDATA[500]]>
              </value>
            </param>
            <param index="14">
              <value>
                <![CDATA[Internal Server Error]]>
              </value>
            </param>
          </params>
          <exception class="java.lang.AssertionError">
            <message>
              <![CDATA[expected [200] but found [500]]]>
            </message>
            <full-stacktrace>
              <![CDATA[java.lang.AssertionError: expected [200] but found [500]
at org.testng.Assert.fail(Assert.java:96)
at org.testng.Assert.failNotEquals(Assert.java:776)
at org.testng.Assert.assertEqualsImpl(Assert.java:137)
at org.testng.Assert.assertEquals(Assert.java:118)
at org.testng.Assert.assertEquals(Assert.java:652)
at org.testng.Assert.assertEquals(Assert.java:662)
at com.g2academy.base.Assertion.statusCode(Assertion.java:8)
at com.g2academy.testcases.loginmenu.TC_Register.testRegister(TC_Register.java:90)
at sun.reflect.GeneratedMethodAccessor132.invoke(Unknown Source)
at sun.reflect.DelegatingMethodAccessorImpl.invoke(DelegatingMethodAccessorImpl.java:43)
at java.lang.reflect.Method.invoke(Method.java:498)
at org.testng.internal.MethodInvocationHelper.invokeMethod(MethodInvocationHelper.java:124)
at org.testng.internal.InvokeMethodRunnable.runOne(InvokeMethodRunnable.java:54)
at org.testng.internal.InvokeMethodRunnable.run(InvokeMethodRunnable.java:44)
at java.util.concurrent.Executors$RunnableAdapter.call(Executors.java:511)
at java.util.concurrent.FutureTask.run(FutureTask.java:266)
at java.util.concurrent.ThreadPoolExecutor.runWorker(ThreadPoolExecutor.java:1149)
at java.util.concurrent.ThreadPoolExecutor$Worker.run(ThreadPoolExecutor.java:624)
at java.lang.Thread.run(Thread.java:748)
]]>
            </full-stacktrace>
          </exception> <!-- java.lang.AssertionError -->
          <reporter-output>
          </reporter-output>
        </test-method> <!-- testRegister -->
        <test-method status="PASS" signature="afterMethod()[pri:0, instance:com.g2academy.testcases.loginmenu.TC_Register@22f71333]" name="afterMethod" is-config="true" duration-ms="2046" started-at="2020-05-18T12:56:01Z" finished-at="2020-05-18T12:56:03Z">
          <reporter-output>
          </reporter-output>
        </test-method> <!-- afterMethod -->
        <test-method status="PASS" signature="afterClass()[pri:0, instance:com.g2academy.testcases.loginmenu.TC_Register@22f71333]" name="afterClass" is-config="true" duration-ms="854" started-at="2020-05-18T12:56:03Z" finished-at="2020-05-18T12:56:04Z">
          <reporter-output>
          </reporter-output>
        </test-method> <!-- afterClass -->
        <test-method status="PASS" signature="teardown()[pri:0, instance:com.g2academy.testcases.loginmenu.TC_Register@22f71333]" name="teardown" is-config="true" duration-ms="0" started-at="2020-05-18T12:56:04Z" finished-at="2020-05-18T12:56:04Z">
          <reporter-output>
          </reporter-output>
        </test-method> <!-- teardown -->
      </class> <!-- com.g2academy.testcases.loginmenu.TC_Register -->
    </test> <!-- QuotaAppTest -->
  </suite> <!-- Default Suite -->
</testng-results>
